<?xml version="1.0" encoding="UTF-8"?>
<testsuite xmlns:xsi="http://www.w3.org/2001/XMLSchema-instance" xsi:noNamespaceSchemaLocation="https://maven.apache.org/surefire/maven-surefire-plugin/xsd/surefire-test-report.xsd" name="TestSuite" time="103.057" tests="15" errors="0" skipped="0" failures="0">
  <properties>
    <property name="sun.desktop" value="windows"/>
    <property name="awt.toolkit" value="sun.awt.windows.WToolkit"/>
    <property name="java.specification.version" value="11"/>
    <property name="sun.cpu.isalist" value="amd64"/>
    <property name="sun.jnu.encoding" value="Cp1252"/>
    <property name="java.class.path" value="C:\Users\khuang\eclipse-workspace\Gen7\target\test-classes;C:\Users\khuang\eclipse-workspace\Gen7\target\classes;C:\Users\khuang\eclipse-workspace\Maven\repository\org\seleniumhq\selenium\selenium-java\3.141.59\selenium-java-3.141.59.jar;C:\Users\khuang\eclipse-workspace\Maven\repository\org\seleniumhq\selenium\selenium-api\3.141.59\selenium-api-3.141.59.jar;C:\Users\khuang\eclipse-workspace\Maven\repository\org\seleniumhq\selenium\selenium-chrome-driver\3.141.59\selenium-chrome-driver-3.141.59.jar;C:\Users\khuang\eclipse-workspace\Maven\repository\org\seleniumhq\selenium\selenium-edge-driver\3.141.59\selenium-edge-driver-3.141.59.jar;C:\Users\khuang\eclipse-workspace\Maven\repository\org\seleniumhq\selenium\selenium-firefox-driver\3.141.59\selenium-firefox-driver-3.141.59.jar;C:\Users\khuang\eclipse-workspace\Maven\repository\org\seleniumhq\selenium\selenium-ie-driver\3.141.59\selenium-ie-driver-3.141.59.jar;C:\Users\khuang\eclipse-workspace\Maven\repository\org\seleniumhq\selenium\selenium-opera-driver\3.141.59\selenium-opera-driver-3.141.59.jar;C:\Users\khuang\eclipse-workspace\Maven\repository\org\seleniumhq\selenium\selenium-remote-driver\3.141.59\selenium-remote-driver-3.141.59.jar;C:\Users\khuang\eclipse-workspace\Maven\repository\org\seleniumhq\selenium\selenium-safari-driver\3.141.59\selenium-safari-driver-3.141.59.jar;C:\Users\khuang\eclipse-workspace\Maven\repository\org\seleniumhq\selenium\selenium-support\3.141.59\selenium-support-3.141.59.jar;C:\Users\khuang\eclipse-workspace\Maven\repository\net\bytebuddy\byte-buddy\1.8.15\byte-buddy-1.8.15.jar;C:\Users\khuang\eclipse-workspace\Maven\repository\org\apache\commons\commons-exec\1.3\commons-exec-1.3.jar;C:\Users\khuang\eclipse-workspace\Maven\repository\com\google\guava\guava\25.0-jre\guava-25.0-jre.jar;C:\Users\khuang\eclipse-workspace\Maven\repository\com\google\code\findbugs\jsr305\1.3.9\jsr305-1.3.9.jar;C:\Users\khuang\eclipse-workspace\Maven\repository\org\checkerframework\checker-compat-qual\2.0.0\checker-compat-qual-2.0.0.jar;C:\Users\khuang\eclipse-workspace\Maven\repository\com\google\errorprone\error_prone_annotations\2.1.3\error_prone_annotations-2.1.3.jar;C:\Users\khuang\eclipse-workspace\Maven\repository\com\google\j2objc\j2objc-annotations\1.1\j2objc-annotations-1.1.jar;C:\Users\khuang\eclipse-workspace\Maven\repository\org\codehaus\mojo\animal-sniffer-annotations\1.14\animal-sniffer-annotations-1.14.jar;C:\Users\khuang\eclipse-workspace\Maven\repository\com\squareup\okhttp3\okhttp\3.11.0\okhttp-3.11.0.jar;C:\Users\khuang\eclipse-workspace\Maven\repository\com\squareup\okio\okio\1.14.0\okio-1.14.0.jar;C:\Users\khuang\eclipse-workspace\Maven\repository\org\testng\testng\7.4.0\testng-7.4.0.jar;C:\Users\khuang\eclipse-workspace\Maven\repository\org\webjars\jquery\3.5.1\jquery-3.5.1.jar;C:\Users\khuang\eclipse-workspace\Maven\repository\com\beust\jcommander\1.81\jcommander-1.81.jar;C:\Users\khuang\eclipse-workspace\Maven\repository\net\sf\saxon\saxon\8.7\saxon-8.7.jar;C:\Users\khuang\eclipse-workspace\Maven\repository\org\webjars\bower\jquery\3.5.1\jquery-3.5.1.jar;C:\Users\khuang\eclipse-workspace\Maven\repository\com\relevantcodes\extentreports\2.41.2\extentreports-2.41.2.jar;C:\Users\khuang\eclipse-workspace\Maven\repository\org\mongodb\mongodb-driver\3.0.4\mongodb-driver-3.0.4.jar;C:\Users\khuang\eclipse-workspace\Maven\repository\org\mongodb\bson\3.0.4\bson-3.0.4.jar;C:\Users\khuang\eclipse-workspace\Maven\repository\org\mongodb\mongodb-driver-core\3.0.4\mongodb-driver-core-3.0.4.jar;C:\Users\khuang\eclipse-workspace\Maven\repository\org\freemarker\freemarker\2.3.31\freemarker-2.3.31.jar;C:\Users\khuang\eclipse-workspace\Maven\repository\org\jsoup\jsoup\1.14.1\jsoup-1.14.1.jar;C:\Users\khuang\eclipse-workspace\Maven\repository\org\xerial\sqlite-jdbc\3.36.0.1\sqlite-jdbc-3.36.0.1.jar;C:\Users\khuang\eclipse-workspace\Maven\repository\org\apache\commons\commons-collections4\4.4\commons-collections4-4.4.jar;C:\Users\khuang\eclipse-workspace\Maven\repository\org\apache\commons\commons-math3\3.6.1\commons-math3-3.6.1.jar;C:\Users\khuang\eclipse-workspace\Maven\repository\mysql\mysql-connector-java\8.0.25\mysql-connector-java-8.0.25.jar;C:\Users\khuang\eclipse-workspace\Maven\repository\com\google\protobuf\protobuf-java\3.11.4\protobuf-java-3.11.4.jar;C:\Users\khuang\eclipse-workspace\Maven\repository\org\apache\poi\poi\5.0.0\poi-5.0.0.jar;C:\Users\khuang\eclipse-workspace\Maven\repository\org\slf4j\slf4j-api\1.7.30\slf4j-api-1.7.30.jar;C:\Users\khuang\eclipse-workspace\Maven\repository\org\slf4j\jcl-over-slf4j\1.7.30\jcl-over-slf4j-1.7.30.jar;C:\Users\khuang\eclipse-workspace\Maven\repository\commons-codec\commons-codec\1.15\commons-codec-1.15.jar;C:\Users\khuang\eclipse-workspace\Maven\repository\com\zaxxer\SparseBitSet\1.2\SparseBitSet-1.2.jar;C:\Users\khuang\eclipse-workspace\Maven\repository\org\apache\poi\poi-examples\4.1.2\poi-examples-4.1.2.jar;C:\Users\khuang\eclipse-workspace\Maven\repository\org\apache\poi\poi-excelant\4.1.2\poi-excelant-4.1.2.jar;C:\Users\khuang\eclipse-workspace\Maven\repository\org\apache\ant\ant\1.8.2\ant-1.8.2.jar;C:\Users\khuang\eclipse-workspace\Maven\repository\org\apache\ant\ant-launcher\1.8.2\ant-launcher-1.8.2.jar;C:\Users\khuang\eclipse-workspace\Maven\repository\org\apache\poi\poi-ooxml\4.1.2\poi-ooxml-4.1.2.jar;C:\Users\khuang\eclipse-workspace\Maven\repository\org\apache\commons\commons-compress\1.19\commons-compress-1.19.jar;C:\Users\khuang\eclipse-workspace\Maven\repository\com\github\virtuald\curvesapi\1.06\curvesapi-1.06.jar;C:\Users\khuang\eclipse-workspace\Maven\repository\org\apache\poi\poi-ooxml-schemas\4.1.2\poi-ooxml-schemas-4.1.2.jar;C:\Users\khuang\eclipse-workspace\Maven\repository\org\apache\poi\poi-scratchpad\4.1.2\poi-scratchpad-4.1.2.jar;C:\Users\khuang\eclipse-workspace\Maven\repository\org\apache\xmlbeans\xmlbeans\3.1.0\xmlbeans-3.1.0.jar;C:\Users\khuang\eclipse-workspace\Maven\repository\commons-io\commons-io\2.11.0\commons-io-2.11.0.jar;C:\Users\khuang\eclipse-workspace\Maven\repository\org\apache\logging\log4j\log4j-api\2.14.1\log4j-api-2.14.1.jar;C:\Users\khuang\eclipse-workspace\Maven\repository\org\apache\logging\log4j\log4j-core\2.14.1\log4j-core-2.14.1.jar;"/>
    <property name="java.vm.vendor" value="Oracle Corporation"/>
    <property name="sun.arch.data.model" value="64"/>
    <property name="user.variant" value=""/>
    <property name="java.vendor.url" value="https://openjdk.java.net/"/>
    <property name="user.timezone" value="Asia/Shanghai"/>
    <property name="java.vm.specification.version" value="11"/>
    <property name="os.name" value="Windows 10"/>
    <property name="sun.java.launcher" value="SUN_STANDARD"/>
    <property name="user.country" value="US"/>
    <property name="sun.boot.library.path" value="C:\Program Files\Java\jdk-11.0.12\bin"/>
    <property name="sun.java.command" value="C:\Users\khuang\AppData\Local\Temp\surefire12107571059531143067\surefirebooter1735762419904551729.jar C:\Users\khuang\AppData\Local\Temp\surefire12107571059531143067 2021-09-18T17-24-19_569-jvmRun1 surefire18383411731311009857tmp surefire_08211413670687960310tmp"/>
    <property name="jdk.debug" value="release"/>
    <property name="surefire.test.class.path" value="C:\Users\khuang\eclipse-workspace\Gen7\target\test-classes;C:\Users\khuang\eclipse-workspace\Gen7\target\classes;C:\Users\khuang\eclipse-workspace\Maven\repository\org\seleniumhq\selenium\selenium-java\3.141.59\selenium-java-3.141.59.jar;C:\Users\khuang\eclipse-workspace\Maven\repository\org\seleniumhq\selenium\selenium-api\3.141.59\selenium-api-3.141.59.jar;C:\Users\khuang\eclipse-workspace\Maven\repository\org\seleniumhq\selenium\selenium-chrome-driver\3.141.59\selenium-chrome-driver-3.141.59.jar;C:\Users\khuang\eclipse-workspace\Maven\repository\org\seleniumhq\selenium\selenium-edge-driver\3.141.59\selenium-edge-driver-3.141.59.jar;C:\Users\khuang\eclipse-workspace\Maven\repository\org\seleniumhq\selenium\selenium-firefox-driver\3.141.59\selenium-firefox-driver-3.141.59.jar;C:\Users\khuang\eclipse-workspace\Maven\repository\org\seleniumhq\selenium\selenium-ie-driver\3.141.59\selenium-ie-driver-3.141.59.jar;C:\Users\khuang\eclipse-workspace\Maven\repository\org\seleniumhq\selenium\selenium-opera-driver\3.141.59\selenium-opera-driver-3.141.59.jar;C:\Users\khuang\eclipse-workspace\Maven\repository\org\seleniumhq\selenium\selenium-remote-driver\3.141.59\selenium-remote-driver-3.141.59.jar;C:\Users\khuang\eclipse-workspace\Maven\repository\org\seleniumhq\selenium\selenium-safari-driver\3.141.59\selenium-safari-driver-3.141.59.jar;C:\Users\khuang\eclipse-workspace\Maven\repository\org\seleniumhq\selenium\selenium-support\3.141.59\selenium-support-3.141.59.jar;C:\Users\khuang\eclipse-workspace\Maven\repository\net\bytebuddy\byte-buddy\1.8.15\byte-buddy-1.8.15.jar;C:\Users\khuang\eclipse-workspace\Maven\repository\org\apache\commons\commons-exec\1.3\commons-exec-1.3.jar;C:\Users\khuang\eclipse-workspace\Maven\repository\com\google\guava\guava\25.0-jre\guava-25.0-jre.jar;C:\Users\khuang\eclipse-workspace\Maven\repository\com\google\code\findbugs\jsr305\1.3.9\jsr305-1.3.9.jar;C:\Users\khuang\eclipse-workspace\Maven\repository\org\checkerframework\checker-compat-qual\2.0.0\checker-compat-qual-2.0.0.jar;C:\Users\khuang\eclipse-workspace\Maven\repository\com\google\errorprone\error_prone_annotations\2.1.3\error_prone_annotations-2.1.3.jar;C:\Users\khuang\eclipse-workspace\Maven\repository\com\google\j2objc\j2objc-annotations\1.1\j2objc-annotations-1.1.jar;C:\Users\khuang\eclipse-workspace\Maven\repository\org\codehaus\mojo\animal-sniffer-annotations\1.14\animal-sniffer-annotations-1.14.jar;C:\Users\khuang\eclipse-workspace\Maven\repository\com\squareup\okhttp3\okhttp\3.11.0\okhttp-3.11.0.jar;C:\Users\khuang\eclipse-workspace\Maven\repository\com\squareup\okio\okio\1.14.0\okio-1.14.0.jar;C:\Users\khuang\eclipse-workspace\Maven\repository\org\testng\testng\7.4.0\testng-7.4.0.jar;C:\Users\khuang\eclipse-workspace\Maven\repository\org\webjars\jquery\3.5.1\jquery-3.5.1.jar;C:\Users\khuang\eclipse-workspace\Maven\repository\com\beust\jcommander\1.81\jcommander-1.81.jar;C:\Users\khuang\eclipse-workspace\Maven\repository\net\sf\saxon\saxon\8.7\saxon-8.7.jar;C:\Users\khuang\eclipse-workspace\Maven\repository\org\webjars\bower\jquery\3.5.1\jquery-3.5.1.jar;C:\Users\khuang\eclipse-workspace\Maven\repository\com\relevantcodes\extentreports\2.41.2\extentreports-2.41.2.jar;C:\Users\khuang\eclipse-workspace\Maven\repository\org\mongodb\mongodb-driver\3.0.4\mongodb-driver-3.0.4.jar;C:\Users\khuang\eclipse-workspace\Maven\repository\org\mongodb\bson\3.0.4\bson-3.0.4.jar;C:\Users\khuang\eclipse-workspace\Maven\repository\org\mongodb\mongodb-driver-core\3.0.4\mongodb-driver-core-3.0.4.jar;C:\Users\khuang\eclipse-workspace\Maven\repository\org\freemarker\freemarker\2.3.31\freemarker-2.3.31.jar;C:\Users\khuang\eclipse-workspace\Maven\repository\org\jsoup\jsoup\1.14.1\jsoup-1.14.1.jar;C:\Users\khuang\eclipse-workspace\Maven\repository\org\xerial\sqlite-jdbc\3.36.0.1\sqlite-jdbc-3.36.0.1.jar;C:\Users\khuang\eclipse-workspace\Maven\repository\org\apache\commons\commons-collections4\4.4\commons-collections4-4.4.jar;C:\Users\khuang\eclipse-workspace\Maven\repository\org\apache\commons\commons-math3\3.6.1\commons-math3-3.6.1.jar;C:\Users\khuang\eclipse-workspace\Maven\repository\mysql\mysql-connector-java\8.0.25\mysql-connector-java-8.0.25.jar;C:\Users\khuang\eclipse-workspace\Maven\repository\com\google\protobuf\protobuf-java\3.11.4\protobuf-java-3.11.4.jar;C:\Users\khuang\eclipse-workspace\Maven\repository\org\apache\poi\poi\5.0.0\poi-5.0.0.jar;C:\Users\khuang\eclipse-workspace\Maven\repository\org\slf4j\slf4j-api\1.7.30\slf4j-api-1.7.30.jar;C:\Users\khuang\eclipse-workspace\Maven\repository\org\slf4j\jcl-over-slf4j\1.7.30\jcl-over-slf4j-1.7.30.jar;C:\Users\khuang\eclipse-workspace\Maven\repository\commons-codec\commons-codec\1.15\commons-codec-1.15.jar;C:\Users\khuang\eclipse-workspace\Maven\repository\com\zaxxer\SparseBitSet\1.2\SparseBitSet-1.2.jar;C:\Users\khuang\eclipse-workspace\Maven\repository\org\apache\poi\poi-examples\4.1.2\poi-examples-4.1.2.jar;C:\Users\khuang\eclipse-workspace\Maven\repository\org\apache\poi\poi-excelant\4.1.2\poi-excelant-4.1.2.jar;C:\Users\khuang\eclipse-workspace\Maven\repository\org\apache\ant\ant\1.8.2\ant-1.8.2.jar;C:\Users\khuang\eclipse-workspace\Maven\repository\org\apache\ant\ant-launcher\1.8.2\ant-launcher-1.8.2.jar;C:\Users\khuang\eclipse-workspace\Maven\repository\org\apache\poi\poi-ooxml\4.1.2\poi-ooxml-4.1.2.jar;C:\Users\khuang\eclipse-workspace\Maven\repository\org\apache\commons\commons-compress\1.19\commons-compress-1.19.jar;C:\Users\khuang\eclipse-workspace\Maven\repository\com\github\virtuald\curvesapi\1.06\curvesapi-1.06.jar;C:\Users\khuang\eclipse-workspace\Maven\repository\org\apache\poi\poi-ooxml-schemas\4.1.2\poi-ooxml-schemas-4.1.2.jar;C:\Users\khuang\eclipse-workspace\Maven\repository\org\apache\poi\poi-scratchpad\4.1.2\poi-scratchpad-4.1.2.jar;C:\Users\khuang\eclipse-workspace\Maven\repository\org\apache\xmlbeans\xmlbeans\3.1.0\xmlbeans-3.1.0.jar;C:\Users\khuang\eclipse-workspace\Maven\repository\commons-io\commons-io\2.11.0\commons-io-2.11.0.jar;C:\Users\khuang\eclipse-workspace\Maven\repository\org\apache\logging\log4j\log4j-api\2.14.1\log4j-api-2.14.1.jar;C:\Users\khuang\eclipse-workspace\Maven\repository\org\apache\logging\log4j\log4j-core\2.14.1\log4j-core-2.14.1.jar;"/>
    <property name="sun.cpu.endian" value="little"/>
    <property name="user.home" value="C:\Users\khuang"/>
    <property name="user.language" value="en"/>
    <property name="java.specification.vendor" value="Oracle Corporation"/>
    <property name="java.version.date" value="2021-07-20"/>
    <property name="java.home" value="C:\Program Files\Java\jdk-11.0.12"/>
    <property name="file.separator" value="\"/>
    <property name="basedir" value="C:\Users\khuang\eclipse-workspace\Gen7"/>
    <property name="java.vm.compressedOopsMode" value="Zero based"/>
    <property name="line.separator" value="&#10;"/>
    <property name="java.specification.name" value="Java Platform API Specification"/>
    <property name="java.vm.specification.vendor" value="Oracle Corporation"/>
    <property name="java.awt.graphicsenv" value="sun.awt.Win32GraphicsEnvironment"/>
    <property name="surefire.real.class.path" value="C:\Users\khuang\AppData\Local\Temp\surefire12107571059531143067\surefirebooter1735762419904551729.jar"/>
    <property name="user.script" value=""/>
    <property name="sun.management.compiler" value="HotSpot 64-Bit Tiered Compilers"/>
    <property name="java.runtime.version" value="11.0.12+8-LTS-237"/>
    <property name="user.name" value="khuang"/>
    <property name="path.separator" value=";"/>
    <property name="os.version" value="10.0"/>
    <property name="java.runtime.name" value="Java(TM) SE Runtime Environment"/>
    <property name="file.encoding" value="UTF-8"/>
    <property name="java.vm.name" value="Java HotSpot(TM) 64-Bit Server VM"/>
    <property name="java.vendor.version" value="18.9"/>
    <property name="localRepository" value="C:\Users\khuang\eclipse-workspace\Maven\repository"/>
    <property name="java.vendor.url.bug" value="https://bugreport.java.com/bugreport/"/>
    <property name="java.io.tmpdir" value="C:\Users\khuang\AppData\Local\Temp\"/>
    <property name="java.version" value="11.0.12"/>
    <property name="user.dir" value="C:\Users\khuang\eclipse-workspace\Gen7"/>
    <property name="os.arch" value="amd64"/>
    <property name="java.vm.specification.name" value="Java Virtual Machine Specification"/>
    <property name="java.awt.printerjob" value="sun.awt.windows.WPrinterJob"/>
    <property name="sun.os.patch.level" value=""/>
    <property name="java.library.path" value="C:\Program Files\Java\jdk-11.0.12\bin;C:\Windows\Sun\Java\bin;C:\Windows\system32;C:\Windows;C:\Program Files\Apache\apache-maven-3.8.1/bin;C:\Program Files\Java\jdk-11.0.12/bin;C:\Program Files\Java\jdk-11.0.12/bin;C:\Program Files\Common Files\Oracle\Java\javapath;C:\Windows\system32;C:\Windows;C:\Windows\System32\Wbem;C:\Windows\System32\WindowsPowerShell\v1.0\;C:\Windows\System32\OpenSSH\;C:\Program Files\PuTTY\;C:\Program Files\Java\jdk-11.0.12\bin;C:\Program Files (x86)\MySQL\MySQL Server 5.5\bin;C:\Program Files\Apache\apache-maven-3.8.1\bin;C:\Users\khuang\eclipse-workspace\Ant\apache-ant-1.10.11\bin;C:\Program Files\Git\cmd;C:\Program Files\Git\bin;C:\Users\khuang\AppData\Local\Microsoft\WindowsApps;;."/>
    <property name="java.vendor" value="Oracle Corporation"/>
    <property name="java.vm.info" value="mixed mode"/>
    <property name="java.vm.version" value="11.0.12+8-LTS-237"/>
    <property name="sun.io.unicode.encoding" value="UnicodeLittle"/>
    <property name="java.class.version" value="55.0"/>
  </properties>
  <testcase name="test_Step01_Login_ENG" classname="test.Test_NavData_ENG" time="0.373"/>
  <testcase name="test_Step01_Login_JPN" classname="test.Test_NavData_JPN" time="0.384"/>
  <testcase name="test_Step02_HomeMenu_Top_JPN" classname="test.Test_NavData_JPN" time="25.807"/>
  <testcase name="test_Step02_HomeMenu_Top_ENG" classname="test.Test_NavData_ENG" time="0.607"/>
  <testcase name="test_Step03_MonitorMenu_Top_JPN" classname="test.Test_NavData_JPN" time="6.982"/>
  <testcase name="test_Step03_MonitorMenu_Top_ENG" classname="test.Test_NavData_ENG" time="0.503"/>
  <testcase name="test_Step04_DeviceMenu_Top_ENG" classname="test.Test_NavData_ENG" time="11.99"/>
  <testcase name="test_Step04_DeviceMenu_Top_JPN" classname="test.Test_NavData_JPN" time="12.044"/>
  <testcase name="test_Step05_NetworkMenu_Top_JPN" classname="test.Test_NavData_JPN" time="13.289"/>
  <testcase name="test_Step05_NetworkMenu_Top_ENG" classname="test.Test_NavData_ENG" time="13.493"/>
  <testcase name="test_Step06_ObjectMenu_Top_JPN" classname="test.Test_NavData_JPN" time="2.892"/>
  <testcase name="test_Step06_ObjectMenu_Top_ENG" classname="test.Test_NavData_ENG" time="0.125"/>
  <testcase name="test_Step07_PolicyMenu_Top_JPN" classname="test.Test_NavData_JPN" time="8.95"/>
  <testcase name="test_Step07_PolicyMenu_Top_ENG" classname="test.Test_NavData_ENG" time="9.499"/>
  <testcase name="test_dataCompare" classname="test.Test_vsDATA" time="0.068"/>
</testsuite>