<?xml version="1.0" encoding="UTF-8"?>
<!-- Generated by org.testng.reporters.JUnitReportReporter -->
<testsuite hostname="cl4n4y1-khuang" failures="0" tests="1" name="main.Func_Delete" time="0.058" errors="0" timestamp="2021-09-24T15:00:46 CST" skipped="0">
  <testcase classname="main.Func_Delete" name="test_delete_file" time="0.058"/>
  <system-out/>
</testsuite> <!-- main.Func_Delete -->
