<?xml version="1.0" encoding="UTF-8"?>
<!-- Generated by org.testng.reporters.JUnitReportReporter -->
<testsuite hostname="cl4n4y1-khuang" failures="0" tests="1" name="test.Test_vsDATA" time="1.479" errors="0" timestamp="2021-11-02T17:25:20 CST" skipped="0">
  <testcase classname="test.Test_vsDATA" name="test_dataCompare" time="1.479"/>
  <system-out>
    <![CDATA[[S]ReportLog >> box_JPN > Got data!
[S]ReportLog >> box_ENG > Got data!
[S]ReportLog >> test_dataCompare > Ready to start...
[S]ReportLog >> test_dataCompare > --------------------------------------------------------------------
[S]ReportLog >> test_dataCompare > [JPN] info: Device Name -----> TZ 570P
[S]ReportLog >> test_dataCompare > [JPN] info: Serial Number ---> 2CB8ED694D58
[S]ReportLog >> test_dataCompare > [JPN] info: Firmware Version > SonicOS 7.0.1-5018
[S]ReportLog >> test_dataCompare > --------------------------------------------------------------------
[S]ReportLog >> test_dataCompare > [ENG] info: Device Name -----> TZ 570P
[S]ReportLog >> test_dataCompare > [ENG] info: Serial Number ---> 2CB8ED694D6C
[S]ReportLog >> test_dataCompare > [ENG] info: Firmware Version > SonicOS 7.0.1-5027
[S]ReportLog >> test_dataCompare > --------------------------------------------------------------------
[S]ReportLog >> missing_page > [ENG] version missing: HOME > Dashboard > Capture ATP
[S]ReportLog >> missing_page > [JPN] version missing: DEVICE > WWAN
[S]ReportLog >> missing_page > [JPN] version missing: DEVICE > Access Points
[S]ReportLog >> missing_page > [JPN] version missing: DEVICE > Access Points > Settings
[S]ReportLog >> missing_page > [JPN] version missing: DEVICE > Access Points > Firmware Management
[S]ReportLog >> missing_page > [JPN] version missing: DEVICE > Access Points > Floor Plan View
[S]ReportLog >> missing_page > [JPN] version missing: DEVICE > Access Points > Station Status
[S]ReportLog >> missing_page > [JPN] version missing: DEVICE > Access Points > IDS
[S]ReportLog >> missing_page > [JPN] version missing: DEVICE > Access Points > Advanced IDP
[S]ReportLog >> missing_page > [JPN] version missing: DEVICE > Access Points > Packet Capture
[S]ReportLog >> missing_page > [JPN] version missing: DEVICE > Access Points > Virtual Access Point
[S]ReportLog >> missing_page > [JPN] version missing: DEVICE > Access Points > RF Monitoring
[S]ReportLog >> missing_page > [JPN] version missing: DEVICE > Access Points > RF Analysis
[S]ReportLog >> missing_page > [JPN] version missing: DEVICE > Access Points > RF Spectrum
[S]ReportLog >> missing_page > [JPN] version missing: DEVICE > Access Points > FairNet
[S]ReportLog >> missing_page > [JPN] version missing: DEVICE > Access Points > Wi-Fi Multimedia
[S]ReportLog >> missing_page > [JPN] version missing: DEVICE > Access Points > 3G/4G/LTE WWAN
[S]ReportLog >> missing_page > [JPN] version missing: DEVICE > Access Points > Bluetooth LE
[S]ReportLog >> missing_page > [JPN] version missing: DEVICE > Access Points > Radio Management
[S]ReportLog >> missing_page > [JPN] version missing: DEVICE > Switch Network
[S]ReportLog >> missing_page > [JPN] version missing: DEVICE > Switch Network > Overview
[S]ReportLog >> missing_page > [JPN] version missing: DEVICE > Switch Network > Switches
[S]ReportLog >> missing_page > [JPN] version missing: DEVICE > Diagnostics
[S]ReportLog >> missing_page > [JPN] version missing: DEVICE > Diagnostics > Tech Support Report
[S]ReportLog >> missing_page > [JPN] version missing: DEVICE > Diagnostics > Check Network Settings
[S]ReportLog >> missing_page > [JPN] version missing: DEVICE > Diagnostics > DNS Name Lookup
[S]ReportLog >> missing_page > [JPN] version missing: DEVICE > Diagnostics > Network Path
[S]ReportLog >> missing_page > [JPN] version missing: DEVICE > Diagnostics > Ping
[S]ReportLog >> missing_page > [JPN] version missing: DEVICE > Diagnostics > Trace Route
[S]ReportLog >> missing_page > [JPN] version missing: DEVICE > Diagnostics > Real-Time Blacklist
[S]ReportLog >> missing_page > [JPN] version missing: DEVICE > Diagnostics > Reverse Name Lookup
[S]ReportLog >> missing_page > [JPN] version missing: DEVICE > Diagnostics > Connection TopX
[S]ReportLog >> missing_page > [JPN] version missing: DEVICE > Diagnostics > Geo and Botnet
[S]ReportLog >> missing_page > [JPN] version missing: DEVICE > Diagnostics > URL Rating Request
[S]ReportLog >> missing_page > [JPN] version missing: DEVICE > Diagnostics > PMTU Discovery
[S]ReportLog >> missing_page > [JPN] version missing: DEVICE > Diagnostics > Switch Diagnostics
[S]ReportLog >> missing_page > [JPN] version missing: DEVICE > Log
[S]ReportLog >> missing_page > [JPN] version missing: DEVICE > Log > Settings
[S]ReportLog >> missing_page > [JPN] version missing: DEVICE > Log > Syslog
[S]ReportLog >> missing_page > [JPN] version missing: DEVICE > Log > Automation
[S]ReportLog >> missing_page > [JPN] version missing: DEVICE > Log > Name Resolution
[S]ReportLog >> missing_page > [JPN] version missing: DEVICE > Log > Reports
[S]ReportLog >> missing_page > [JPN] version missing: DEVICE > Log > AWS
[S]ReportLog >> missing_page > [JPN] version missing: DEVICE > AppFlow
[S]ReportLog >> missing_page > [JPN] version missing: DEVICE > AppFlow > Flow Reporting
[S]ReportLog >> missing_page > [JPN] version missing: DEVICE > AppFlow > AppFlow Agent
[S]ReportLog >> missing_page > [JPN] version missing: DEVICE > Users
[S]ReportLog >> missing_page > [JPN] version missing: DEVICE > Users > Status
[S]ReportLog >> missing_page > [JPN] version missing: DEVICE > Users > Settings
[S]ReportLog >> missing_page > [JPN] version missing: DEVICE > Users > Local Users & Groups
[S]ReportLog >> missing_page > [JPN] version missing: DEVICE > Users > Guest Services
[S]ReportLog >> missing_page > [JPN] version missing: DEVICE > Users > Guest Accounts
[S]ReportLog >> missing_page > [JPN] version missing: DEVICE > Users > Guest Status
[S]ReportLog >> missing_page > [JPN] version missing: DEVICE > High Availability
[S]ReportLog >> missing_page > [JPN] version missing: DEVICE > High Availability > Status
[S]ReportLog >> missing_page > [JPN] version missing: DEVICE > High Availability > Settings
[S]ReportLog >> missing_page > [JPN] version missing: DEVICE > High Availability > Advanced
[S]ReportLog >> missing_page > [JPN] version missing: DEVICE > High Availability > Monitoring
[S]ReportLog >> missing_page > [JPN] version missing: DEVICE > Settings
[S]ReportLog >> missing_page > [JPN] version missing: DEVICE > Settings > Licenses
[S]ReportLog >> missing_page > [JPN] version missing: DEVICE > Settings > Administration
[S]ReportLog >> missing_page > [JPN] version missing: DEVICE > Settings > Time
[S]ReportLog >> missing_page > [JPN] version missing: DEVICE > Settings > Certificates
[S]ReportLog >> missing_page > [JPN] version missing: DEVICE > Settings > SNMP
[S]ReportLog >> missing_page > [JPN] version missing: DEVICE > Settings > Firmware and Settings
[S]ReportLog >> missing_page > [JPN] version missing: DEVICE > Settings > Storage
[S]ReportLog >> missing_page > [JPN] version missing: DEVICE > Settings > Restart
[S]ReportLog >> missing_page > [ENG] version missing: POLICY > Capture ATP > Scanning History]]>
  </system-out>
</testsuite> <!-- test.Test_vsDATA -->
