<?xml version="1.0" encoding="UTF-8"?>
<!-- Generated by org.testng.reporters.JUnitReportReporter -->
<testsuite hostname="cl4n4y1-khuang" failures="0" tests="1" name="main.Func_DeleteFile" time="0.282" errors="0" timestamp="2021-09-24T10:50:43 CST" skipped="0">
  <testcase classname="main.Func_DeleteFile" name="test_delete_file" time="0.282"/>
  <system-out/>
</testsuite> <!-- main.Func_DeleteFile -->
