<?xml version="1.0" encoding="UTF-8"?>
<!-- Generated by org.testng.reporters.JUnitReportReporter -->
<testsuite hostname="cl4n4y1-khuang" failures="0" tests="7" name="test.Test_NavData_ENG" time="72.924" errors="0" timestamp="2021-09-17T15:07:38 CST" skipped="0">
  <testcase classname="test.Test_NavData_ENG" name="test_Step07_PolicyMenu_Top_ENG" time="11.302"/>
  <system-out>
    <![CDATA[[S]ReportLog >> test_Step07_PolicyMenu_Top_ENG > Data updated!
[S]ReportLog >> test_Step07_PolicyMenu_Top_ENG > Top menu 'POLICY' is done!]]>
  </system-out>
  <testcase classname="test.Test_NavData_ENG" name="test_Step04_DeviceMenu_Top_ENG" time="14.149"/>
  <system-out>
    <![CDATA[[S]ReportLog >> test_Step04_DeviceMenu_Top_ENG > Data updated!
[S]ReportLog >> test_Step04_DeviceMenu_Top_ENG > Top menu 'DEVICE' is done!]]>
  </system-out>
  <testcase classname="test.Test_NavData_ENG" name="test_Step06_ObjectMenu_Top_ENG" time="4.375"/>
  <system-out>
    <![CDATA[[S]ReportLog >> test_Step06_ObjectMenu_Top_ENG > Data updated!
[S]ReportLog >> test_Step06_ObjectMenu_Top_ENG > Top menu 'OBJECT' is done!]]>
  </system-out>
  <testcase classname="test.Test_NavData_ENG" name="test_Step02_HomeMenu_Top_ENG" time="18.361"/>
  <system-out>
    <![CDATA[[S]ReportLog >> test_Step02_HomeMenu_Top_ENG > Got info for [ENG]!
[S]ReportLog >> test_Step02_HomeMenu_Top_ENG > Data created!
[S]ReportLog >> test_Step02_HomeMenu_Top_ENG > Data updated!
[S]ReportLog >> test_Step02_HomeMenu_Top_ENG > Top menu 'HOME' is done!]]>
  </system-out>
  <testcase classname="test.Test_NavData_ENG" name="test_Step03_MonitorMenu_Top_ENG" time="9.775"/>
  <system-out>
    <![CDATA[[S]ReportLog >> test_Step03_MonitorMenu_Top_ENG > Data updated!
[S]ReportLog >> test_Step03_MonitorMenu_Top_ENG > Top menu 'MONITOR' is done!]]>
  </system-out>
  <testcase classname="test.Test_NavData_ENG" name="test_Step01_Login_ENG" time="1.200"/>
  <system-out>
    <![CDATA[[S]ReportLog >> test_Step01_Login_ENG > Login to main page...]]>
  </system-out>
  <testcase classname="test.Test_NavData_ENG" name="test_Step05_NetworkMenu_Top_ENG" time="13.762"/>
  <system-out>
    <![CDATA[[S]ReportLog >> test_Step05_NetworkMenu_Top_ENG > Data updated!
[S]ReportLog >> test_Step05_NetworkMenu_Top_ENG > Top menu 'NETWORK' is done!]]>
  </system-out>
</testsuite> <!-- test.Test_NavData_ENG -->
