<?xml version="1.0" encoding="UTF-8"?>
<!-- Generated by org.testng.reporters.JUnitReportReporter -->
<testsuite hostname="cl4n4y1-khuang" failures="0" tests="7" name="test.Test_NavData_JPN" time="98.766" errors="0" timestamp="2021-09-27T16:15:10 CST" skipped="0">
  <testcase classname="test.Test_NavData_JPN" name="test_Step07_PolicyMenu_Top_JPN" time="15.154"/>
  <system-out>
    <![CDATA[[S]ReportLog >> test.Test_NavData_JPN > 'POLICY' left menu expanded (6). Please wait...
[S]ReportLog >> test.Test_NavData_JPN > 'POLICY' menu total: 28
[S]ReportLog >> test.Test_NavData_JPN > 'POLICY' left menu: ルールとポリシー
[S]ReportLog >> test.Test_NavData_JPN > 'POLICY' left menu: アクセス ルール
[S]ReportLog >> test.Test_NavData_JPN > 'POLICY' left menu: NAT ルール
[S]ReportLog >> test.Test_NavData_JPN > 'POLICY' left menu: ルーティング ルール
[S]ReportLog >> test.Test_NavData_JPN > 'POLICY' left menu: コンテンツ フィルタ ルール
[S]ReportLog >> test.Test_NavData_JPN > 'POLICY' left menu: アプリケーション ルール
[S]ReportLog >> test.Test_NavData_JPN > 'POLICY' left menu: エンドポイント ルール
[S]ReportLog >> test.Test_NavData_JPN > 'POLICY' left menu: DPI-SSL
[S]ReportLog >> test.Test_NavData_JPN > 'POLICY' left menu: クライアント SSL
[S]ReportLog >> test.Test_NavData_JPN > 'POLICY' left menu: サーバ SSL
[S]ReportLog >> test.Test_NavData_JPN > 'POLICY' left menu: DPI-SSH
[S]ReportLog >> test.Test_NavData_JPN > 'POLICY' left menu: 設定
[S]ReportLog >> test.Test_NavData_JPN > 'POLICY' left menu: セキュリティ サービス
[S]ReportLog >> test.Test_NavData_JPN > 'POLICY' left menu: サマリ
[S]ReportLog >> test.Test_NavData_JPN > 'POLICY' left menu: ゲートウェイ アンチウイルス
[S]ReportLog >> test.Test_NavData_JPN > 'POLICY' left menu: アンチスパイウェア
[S]ReportLog >> test.Test_NavData_JPN > 'POLICY' left menu: 侵入防御
[S]ReportLog >> test.Test_NavData_JPN > 'POLICY' left menu: 地域 IP フィルタ
[S]ReportLog >> test.Test_NavData_JPN > 'POLICY' left menu: ボットネット フィルタ
[S]ReportLog >> test.Test_NavData_JPN > 'POLICY' left menu: アプリケーション制御
[S]ReportLog >> test.Test_NavData_JPN > 'POLICY' left menu: コンテンツ フィルタ
[S]ReportLog >> test.Test_NavData_JPN > 'POLICY' left menu: アンチスパム
[S]ReportLog >> test.Test_NavData_JPN > 'POLICY' left menu: 状況
[S]ReportLog >> test.Test_NavData_JPN > 'POLICY' left menu: 設定
[S]ReportLog >> test.Test_NavData_JPN > 'POLICY' left menu: キャプチャ ATP
[S]ReportLog >> test.Test_NavData_JPN > 'POLICY' left menu: 設定
[S]ReportLog >> test.Test_NavData_JPN > 'POLICY' left menu: スキャン履歴
[S]ReportLog >> test.Test_NavData_JPN > 'POLICY' left menu: エンドポイント セキュリティ
[S]ReportLog >> test_Step07_PolicyMenu_Top_JPN > Data updated!
[S]ReportLog >> test_Step07_PolicyMenu_Top_JPN > Top menu 'POLICY' is done!]]>
  </system-out>
  <testcase classname="test.Test_NavData_JPN" name="test_Step03_MonitorMenu_Top_JPN" time="15.076"/>
  <system-out>
    <![CDATA[[S]ReportLog >> test.Test_NavData_JPN > 'MONITOR' left menu expanded (4). Please wait...
[S]ReportLog >> test.Test_NavData_JPN > 'MONITOR' menu total: 20
[S]ReportLog >> test.Test_NavData_JPN > 'MONITOR' left menu: リアルタイム グラフ
[S]ReportLog >> test.Test_NavData_JPN > 'MONITOR' left menu: システム監視
[S]ReportLog >> test.Test_NavData_JPN > 'MONITOR' left menu: プロトコル監視
[S]ReportLog >> test.Test_NavData_JPN > 'MONITOR' left menu: ユーザ監視
[S]ReportLog >> test.Test_NavData_JPN > 'MONITOR' left menu: 帯域幅管理監視
[S]ReportLog >> test.Test_NavData_JPN > 'MONITOR' left menu: AppFlow
[S]ReportLog >> test.Test_NavData_JPN > 'MONITOR' left menu: AppFlow 報告
[S]ReportLog >> test.Test_NavData_JPN > 'MONITOR' left menu: AppFlow 監視
[S]ReportLog >> test.Test_NavData_JPN > 'MONITOR' left menu: CTA レポート
[S]ReportLog >> test.Test_NavData_JPN > 'MONITOR' left menu: SDWAN
[S]ReportLog >> test.Test_NavData_JPN > 'MONITOR' left menu: SDWAN 監視
[S]ReportLog >> test.Test_NavData_JPN > 'MONITOR' left menu: SD-WAN 接続
[S]ReportLog >> test.Test_NavData_JPN > 'MONITOR' left menu: ログ
[S]ReportLog >> test.Test_NavData_JPN > 'MONITOR' left menu: システム ログ
[S]ReportLog >> test.Test_NavData_JPN > 'MONITOR' left menu: 監査ログ
[S]ReportLog >> test.Test_NavData_JPN > 'MONITOR' left menu: ツールと監視
[S]ReportLog >> test.Test_NavData_JPN > 'MONITOR' left menu: パケット監視
[S]ReportLog >> test.Test_NavData_JPN > 'MONITOR' left menu: 接続
[S]ReportLog >> test.Test_NavData_JPN > 'MONITOR' left menu: コア 0 プロセス
[S]ReportLog >> test.Test_NavData_JPN > 'MONITOR' left menu: パケット再生
[S]ReportLog >> test_Step03_MonitorMenu_Top_JPN > Data updated!
[S]ReportLog >> test_Step03_MonitorMenu_Top_JPN > Top menu 'MONITOR' is done!]]>
  </system-out>
  <testcase classname="test.Test_NavData_JPN" name="test_Step05_NetworkMenu_Top_JPN" time="13.967"/>
  <system-out>
    <![CDATA[[S]ReportLog >> test.Test_NavData_JPN > 'NETWORK' left menu expanded (6). Please wait...
[S]ReportLog >> test.Test_NavData_JPN > 'NETWORK' menu total: 47
[S]ReportLog >> test.Test_NavData_JPN > 'NETWORK' left menu: システム
[S]ReportLog >> test.Test_NavData_JPN > 'NETWORK' left menu: インターフェース
[S]ReportLog >> test.Test_NavData_JPN > 'NETWORK' left menu: フェイルオーバーと負荷分散
[S]ReportLog >> test.Test_NavData_JPN > 'NETWORK' left menu: 近隣者検出
[S]ReportLog >> test.Test_NavData_JPN > 'NETWORK' left menu: ARP
[S]ReportLog >> test.Test_NavData_JPN > 'NETWORK' left menu: MAC IP アンチスプーフ
[S]ReportLog >> test.Test_NavData_JPN > 'NETWORK' left menu: ウェブ プロキシ
[S]ReportLog >> test.Test_NavData_JPN > 'NETWORK' left menu: PortShield グループ
[S]ReportLog >> test.Test_NavData_JPN > 'NETWORK' left menu: VLAN 変換
[S]ReportLog >> test.Test_NavData_JPN > 'NETWORK' left menu: IP ヘルパー
[S]ReportLog >> test.Test_NavData_JPN > 'NETWORK' left menu: 動的ルーティング
[S]ReportLog >> test.Test_NavData_JPN > 'NETWORK' left menu: DHCP サーバ
[S]ReportLog >> test.Test_NavData_JPN > 'NETWORK' left menu: マルチキャスト
[S]ReportLog >> test.Test_NavData_JPN > 'NETWORK' left menu: ネットワーク監視
[S]ReportLog >> test.Test_NavData_JPN > 'NETWORK' left menu: AWS 設定
[S]ReportLog >> test.Test_NavData_JPN > 'NETWORK' left menu: ファイアウォール
[S]ReportLog >> test.Test_NavData_JPN > 'NETWORK' left menu: 詳細
[S]ReportLog >> test.Test_NavData_JPN > 'NETWORK' left menu: フラッド防御
[S]ReportLog >> test.Test_NavData_JPN > 'NETWORK' left menu: SSL 制御
[S]ReportLog >> test.Test_NavData_JPN > 'NETWORK' left menu: 暗号化制御
[S]ReportLog >> test.Test_NavData_JPN > 'NETWORK' left menu: RBL フィルタ
[S]ReportLog >> test.Test_NavData_JPN > 'NETWORK' left menu: VoIP
[S]ReportLog >> test.Test_NavData_JPN > 'NETWORK' left menu: 設定
[S]ReportLog >> test.Test_NavData_JPN > 'NETWORK' left menu: 通話状況
[S]ReportLog >> test.Test_NavData_JPN > 'NETWORK' left menu: DNS
[S]ReportLog >> test.Test_NavData_JPN > 'NETWORK' left menu: 設定
[S]ReportLog >> test.Test_NavData_JPN > 'NETWORK' left menu: 動的 DNS
[S]ReportLog >> test.Test_NavData_JPN > 'NETWORK' left menu: DNS プロキシ
[S]ReportLog >> test.Test_NavData_JPN > 'NETWORK' left menu: DNS セキュリティ
[S]ReportLog >> test.Test_NavData_JPN > 'NETWORK' left menu: SDWAN
[S]ReportLog >> test.Test_NavData_JPN > 'NETWORK' left menu: グループ
[S]ReportLog >> test.Test_NavData_JPN > 'NETWORK' left menu: SLA プローブ
[S]ReportLog >> test.Test_NavData_JPN > 'NETWORK' left menu: SLA クラス オブジェクト
[S]ReportLog >> test.Test_NavData_JPN > 'NETWORK' left menu: パス選択プロファイル
[S]ReportLog >> test.Test_NavData_JPN > 'NETWORK' left menu: ルール
[S]ReportLog >> test.Test_NavData_JPN > 'NETWORK' left menu: IPSec VPN
[S]ReportLog >> test.Test_NavData_JPN > 'NETWORK' left menu: ルールと設定
[S]ReportLog >> test.Test_NavData_JPN > 'NETWORK' left menu: 詳細
[S]ReportLog >> test.Test_NavData_JPN > 'NETWORK' left menu: VPN を越えた DHCP
[S]ReportLog >> test.Test_NavData_JPN > 'NETWORK' left menu: L2TP サーバ
[S]ReportLog >> test.Test_NavData_JPN > 'NETWORK' left menu: AWS VPN
[S]ReportLog >> test.Test_NavData_JPN > 'NETWORK' left menu: SSL VPN
[S]ReportLog >> test.Test_NavData_JPN > 'NETWORK' left menu: 状況
[S]ReportLog >> test.Test_NavData_JPN > 'NETWORK' left menu: サーバ設定
[S]ReportLog >> test.Test_NavData_JPN > 'NETWORK' left menu: クライアント設定
[S]ReportLog >> test.Test_NavData_JPN > 'NETWORK' left menu: ポータル設定
[S]ReportLog >> test.Test_NavData_JPN > 'NETWORK' left menu: 仮想オフィス
[S]ReportLog >> test_Step05_NetworkMenu_Top_JPN > Data updated!
[S]ReportLog >> test_Step05_NetworkMenu_Top_JPN > Top menu 'NETWORK' is done!]]>
  </system-out>
  <testcase classname="test.Test_NavData_JPN" name="test_Step01_Login_JPN" time="5.747"/>
  <system-out>
    <![CDATA[[S]ReportLog >> test_Step01_Login_JPN > Login to main page...]]>
  </system-out>
  <testcase classname="test.Test_NavData_JPN" name="test_Step04_DeviceMenu_Top_JPN" time="21.521"/>
  <system-out>
    <![CDATA[[S]ReportLog >> test.Test_NavData_JPN > 'DEVICE' left menu expanded (8). Please wait...
[S]ReportLog >> test.Test_NavData_JPN > 'DEVICE' menu total: 68
[S]ReportLog >> test.Test_NavData_JPN > 'DEVICE' left menu: 設定
[S]ReportLog >> test.Test_NavData_JPN > 'DEVICE' left menu: ライセンス
[S]ReportLog >> test.Test_NavData_JPN > 'DEVICE' left menu: 管理
[S]ReportLog >> test.Test_NavData_JPN > 'DEVICE' left menu: 時間
[S]ReportLog >> test.Test_NavData_JPN > 'DEVICE' left menu: 証明書
[S]ReportLog >> test.Test_NavData_JPN > 'DEVICE' left menu: SNMP
[S]ReportLog >> test.Test_NavData_JPN > 'DEVICE' left menu: ファームウェアと設定
[S]ReportLog >> test.Test_NavData_JPN > 'DEVICE' left menu: 記憶装置
[S]ReportLog >> test.Test_NavData_JPN > 'DEVICE' left menu: 再起動
[S]ReportLog >> test.Test_NavData_JPN > 'DEVICE' left menu: 高可用性
[S]ReportLog >> test.Test_NavData_JPN > 'DEVICE' left menu: 状況
[S]ReportLog >> test.Test_NavData_JPN > 'DEVICE' left menu: 設定
[S]ReportLog >> test.Test_NavData_JPN > 'DEVICE' left menu: 詳細
[S]ReportLog >> test.Test_NavData_JPN > 'DEVICE' left menu: 監視
[S]ReportLog >> test.Test_NavData_JPN > 'DEVICE' left menu: ユーザ
[S]ReportLog >> test.Test_NavData_JPN > 'DEVICE' left menu: 状況
[S]ReportLog >> test.Test_NavData_JPN > 'DEVICE' left menu: 設定
[S]ReportLog >> test.Test_NavData_JPN > 'DEVICE' left menu: ローカル ユーザとグループ
[S]ReportLog >> test.Test_NavData_JPN > 'DEVICE' left menu: ゲスト サービス
[S]ReportLog >> test.Test_NavData_JPN > 'DEVICE' left menu: ゲスト アカウント
[S]ReportLog >> test.Test_NavData_JPN > 'DEVICE' left menu: ゲスト状況
[S]ReportLog >> test.Test_NavData_JPN > 'DEVICE' left menu: AppFlow
[S]ReportLog >> test.Test_NavData_JPN > 'DEVICE' left menu: フロー報告
[S]ReportLog >> test.Test_NavData_JPN > 'DEVICE' left menu: AppFlow エージェント
[S]ReportLog >> test.Test_NavData_JPN > 'DEVICE' left menu: ログ
[S]ReportLog >> test.Test_NavData_JPN > 'DEVICE' left menu: 設定
[S]ReportLog >> test.Test_NavData_JPN > 'DEVICE' left menu: Syslog
[S]ReportLog >> test.Test_NavData_JPN > 'DEVICE' left menu: 自動化
[S]ReportLog >> test.Test_NavData_JPN > 'DEVICE' left menu: 名前解決
[S]ReportLog >> test.Test_NavData_JPN > 'DEVICE' left menu: レポート
[S]ReportLog >> test.Test_NavData_JPN > 'DEVICE' left menu: AWS
[S]ReportLog >> test.Test_NavData_JPN > 'DEVICE' left menu: 診断
[S]ReportLog >> test.Test_NavData_JPN > 'DEVICE' left menu: テクニカル サポート レポート
[S]ReportLog >> test.Test_NavData_JPN > 'DEVICE' left menu: ネットワーク設定の確認
[S]ReportLog >> test.Test_NavData_JPN > 'DEVICE' left menu: DNS 名の調査
[S]ReportLog >> test.Test_NavData_JPN > 'DEVICE' left menu: ネットワーク パス
[S]ReportLog >> test.Test_NavData_JPN > 'DEVICE' left menu: Ping
[S]ReportLog >> test.Test_NavData_JPN > 'DEVICE' left menu: ルート追跡
[S]ReportLog >> test.Test_NavData_JPN > 'DEVICE' left menu: リアルタイム ブラックリスト
[S]ReportLog >> test.Test_NavData_JPN > 'DEVICE' left menu: 逆引き名前調査
[S]ReportLog >> test.Test_NavData_JPN > 'DEVICE' left menu: 上位接続
[S]ReportLog >> test.Test_NavData_JPN > 'DEVICE' left menu: 地域とボットネット
[S]ReportLog >> test.Test_NavData_JPN > 'DEVICE' left menu: MX とバナー
[S]ReportLog >> test.Test_NavData_JPN > 'DEVICE' left menu: グリッド確認
[S]ReportLog >> test.Test_NavData_JPN > 'DEVICE' left menu: URL 格付け要求
[S]ReportLog >> test.Test_NavData_JPN > 'DEVICE' left menu: PMTU 検出
[S]ReportLog >> test.Test_NavData_JPN > 'DEVICE' left menu: スイッチ診断
[S]ReportLog >> test.Test_NavData_JPN > 'DEVICE' left menu: スイッチ ネットワーク
[S]ReportLog >> test.Test_NavData_JPN > 'DEVICE' left menu: 概要
[S]ReportLog >> test.Test_NavData_JPN > 'DEVICE' left menu: スイッチ
[S]ReportLog >> test.Test_NavData_JPN > 'DEVICE' left menu: アクセス ポイント
[S]ReportLog >> test.Test_NavData_JPN > 'DEVICE' left menu: 設定
[S]ReportLog >> test.Test_NavData_JPN > 'DEVICE' left menu: ファームウェア管理
[S]ReportLog >> test.Test_NavData_JPN > 'DEVICE' left menu: フロア プラン表示
[S]ReportLog >> test.Test_NavData_JPN > 'DEVICE' left menu: ステーション状況
[S]ReportLog >> test.Test_NavData_JPN > 'DEVICE' left menu: IDS
[S]ReportLog >> test.Test_NavData_JPN > 'DEVICE' left menu: 高度な IDP
[S]ReportLog >> test.Test_NavData_JPN > 'DEVICE' left menu: パケット キャプチャ
[S]ReportLog >> test.Test_NavData_JPN > 'DEVICE' left menu: 仮想アクセス ポイント
[S]ReportLog >> test.Test_NavData_JPN > 'DEVICE' left menu: RF 監視
[S]ReportLog >> test.Test_NavData_JPN > 'DEVICE' left menu: RF 解析
[S]ReportLog >> test.Test_NavData_JPN > 'DEVICE' left menu: RF スペクトラム
[S]ReportLog >> test.Test_NavData_JPN > 'DEVICE' left menu: FairNet
[S]ReportLog >> test.Test_NavData_JPN > 'DEVICE' left menu: Wi-Fi マルチメディア
[S]ReportLog >> test.Test_NavData_JPN > 'DEVICE' left menu: 3G/4G/LTE WWAN
[S]ReportLog >> test.Test_NavData_JPN > 'DEVICE' left menu: Bluetooth LE
[S]ReportLog >> test.Test_NavData_JPN > 'DEVICE' left menu: 無線管理
[S]ReportLog >> test.Test_NavData_JPN > 'DEVICE' left menu: WWAN
[S]ReportLog >> test_Step04_DeviceMenu_Top_JPN > Data updated!
[S]ReportLog >> test_Step04_DeviceMenu_Top_JPN > Top menu 'DEVICE' is done!]]>
  </system-out>
  <testcase classname="test.Test_NavData_JPN" name="test_Step02_HomeMenu_Top_JPN" time="21.161"/>
  <system-out>
    <![CDATA[[S]ReportLog >> test_Step02_HomeMenu_Top_JPN > Got info for [JPN]!
[S]ReportLog >> test.Test_NavData_JPN > 'HOME' left menu expanded (2). Please wait...
[S]ReportLog >> test.Test_NavData_JPN > 'HOME' menu total: 7
[S]ReportLog >> test.Test_NavData_JPN > 'HOME' left menu: ダッシュボード
[S]ReportLog >> test.Test_NavData_JPN > 'HOME' left menu: システム
[S]ReportLog >> test.Test_NavData_JPN > 'HOME' left menu: アクセス ポイント
[S]ReportLog >> test.Test_NavData_JPN > 'HOME' left menu: キャプチャ ATP
[S]ReportLog >> test.Test_NavData_JPN > 'HOME' left menu: トポロジ
[S]ReportLog >> test.Test_NavData_JPN > 'HOME' left menu: 法的情報
[S]ReportLog >> test.Test_NavData_JPN > 'HOME' left menu: API
[S]ReportLog >> test_Step02_HomeMenu_Top_JPN > Data created!
[S]ReportLog >> test_Step02_HomeMenu_Top_JPN > Data updated!
[S]ReportLog >> test_Step02_HomeMenu_Top_JPN > Top menu 'HOME' is done!]]>
  </system-out>
  <testcase classname="test.Test_NavData_JPN" name="test_Step06_ObjectMenu_Top_JPN" time="6.140"/>
  <system-out>
    <![CDATA[[S]ReportLog >> test.Test_NavData_JPN > 'OBJECT' left menu expanded (2). Please wait...
[S]ReportLog >> test.Test_NavData_JPN > 'OBJECT' menu total: 19
[S]ReportLog >> test.Test_NavData_JPN > 'OBJECT' left menu: 一致オブジェクト
[S]ReportLog >> test.Test_NavData_JPN > 'OBJECT' left menu: ゾーン
[S]ReportLog >> test.Test_NavData_JPN > 'OBJECT' left menu: アドレス
[S]ReportLog >> test.Test_NavData_JPN > 'OBJECT' left menu: サービス
[S]ReportLog >> test.Test_NavData_JPN > 'OBJECT' left menu: URI リスト
[S]ReportLog >> test.Test_NavData_JPN > 'OBJECT' left menu: 一致オブジェクト
[S]ReportLog >> test.Test_NavData_JPN > 'OBJECT' left menu: スケジュール
[S]ReportLog >> test.Test_NavData_JPN > 'OBJECT' left menu: 動的グループ
[S]ReportLog >> test.Test_NavData_JPN > 'OBJECT' left menu: 電子メール アドレス
[S]ReportLog >> test.Test_NavData_JPN > 'OBJECT' left menu: プロファイル オブジェクト
[S]ReportLog >> test.Test_NavData_JPN > 'OBJECT' left menu: エンドポイント セキュリティ
[S]ReportLog >> test.Test_NavData_JPN > 'OBJECT' left menu: 帯域幅
[S]ReportLog >> test.Test_NavData_JPN > 'OBJECT' left menu: QoS 級割
[S]ReportLog >> test.Test_NavData_JPN > 'OBJECT' left menu: コンテンツ フィルタ
[S]ReportLog >> test.Test_NavData_JPN > 'OBJECT' left menu: DHCP オプション
[S]ReportLog >> test.Test_NavData_JPN > 'OBJECT' left menu: AWS
[S]ReportLog >> test.Test_NavData_JPN > 'OBJECT' left menu: 動作オブジェクト
[S]ReportLog >> test.Test_NavData_JPN > 'OBJECT' left menu: アプリケーション ルールの動作
[S]ReportLog >> test.Test_NavData_JPN > 'OBJECT' left menu: コンテンツ フィルタの動作
[S]ReportLog >> test_Step06_ObjectMenu_Top_JPN > Data updated!
[S]ReportLog >> test_Step06_ObjectMenu_Top_JPN > Top menu 'OBJECT' is done!]]>
  </system-out>
</testsuite> <!-- test.Test_NavData_JPN -->
