<?xml version="1.0" encoding="UTF-8"?>
<!-- Generated by org.testng.reporters.JUnitReportReporter -->
<testsuite hostname="g3771j3-khuang" failures="0" tests="1" name="test.Test_vsDATA" time="0.060" errors="0" timestamp="2022-07-21T10:28:50 CST" skipped="0">
  <testcase classname="test.Test_vsDATA" name="test_dataCompare" time="0.060"/>
  <system-out>
    <![CDATA[[S]ReportLog >> box_JPN > Got data!
[S]ReportLog >> box_ENG > Got data!
[S]ReportLog >> test_dataCompare > Ready to start...
[S]ReportLog >> test_dataCompare > --------------------------------------------------------------------
[S]ReportLog >> test_dataCompare > [JPN] info: Device Name -----> TZ 270W
[S]ReportLog >> test_dataCompare > [JPN] info: Serial Number ---> 2CB8EDA98900
[S]ReportLog >> test_dataCompare > [JPN] info: Firmware Version > SonicOS 7.0.1-5079
[S]ReportLog >> test_dataCompare > --------------------------------------------------------------------
[S]ReportLog >> test_dataCompare > [ENG] info: Device Name -----> TZ 570P
[S]ReportLog >> test_dataCompare > [ENG] info: Serial Number ---> 2CB8ED694D58
[S]ReportLog >> test_dataCompare > [ENG] info: Firmware Version > SonicOS 7.0.1-5079
[S]ReportLog >> test_dataCompare > --------------------------------------------------------------------
[S]ReportLog >> missing_page > [ENG] version missing: DEVICE > Internal Wireless
[S]ReportLog >> missing_page > [ENG] version missing: DEVICE > Internal Wireless > Status
[S]ReportLog >> missing_page > [ENG] version missing: DEVICE > Internal Wireless > Settings
[S]ReportLog >> missing_page > [ENG] version missing: DEVICE > Internal Wireless > Security
[S]ReportLog >> missing_page > [ENG] version missing: DEVICE > Internal Wireless > Advanced
[S]ReportLog >> missing_page > [ENG] version missing: DEVICE > Internal Wireless > MAC Filter List
[S]ReportLog >> missing_page > [ENG] version missing: DEVICE > Internal Wireless > IDS
[S]ReportLog >> missing_page > [ENG] version missing: DEVICE > Internal Wireless > Virtual Access Point
[S]ReportLog >> missing_page > [JPN] version missing: NETWORK > System > PoE Settings]]>
  </system-out>
</testsuite> <!-- test.Test_vsDATA -->
