<?xml version="1.0" encoding="UTF-8"?>
<!-- Generated by org.testng.reporters.JUnitReportReporter -->
<testsuite hostname="cl4n4y1-khuang" failures="0" tests="7" name="test.Test_NavData_ENG" time="100.937" errors="0" timestamp="2021-09-27T16:15:10 CST" skipped="0">
  <testcase classname="test.Test_NavData_ENG" name="test_Step07_PolicyMenu_Top_ENG" time="20.296"/>
  <system-out>
    <![CDATA[[S]ReportLog >> test.Test_NavData_ENG > 'POLICY' left menu expanded (6). Please wait...
[S]ReportLog >> test.Test_NavData_ENG > 'POLICY' menu total: 27
[S]ReportLog >> test.Test_NavData_ENG > 'POLICY' left menu: Rules and Policies
[S]ReportLog >> test.Test_NavData_ENG > 'POLICY' left menu: Access Rules
[S]ReportLog >> test.Test_NavData_ENG > 'POLICY' left menu: NAT Rules
[S]ReportLog >> test.Test_NavData_ENG > 'POLICY' left menu: Routing Rules
[S]ReportLog >> test.Test_NavData_ENG > 'POLICY' left menu: Content Filter Rules
[S]ReportLog >> test.Test_NavData_ENG > 'POLICY' left menu: App Rules
[S]ReportLog >> test.Test_NavData_ENG > 'POLICY' left menu: Endpoint Rules
[S]ReportLog >> test.Test_NavData_ENG > 'POLICY' left menu: DPI-SSL
[S]ReportLog >> test.Test_NavData_ENG > 'POLICY' left menu: Client SSL
[S]ReportLog >> test.Test_NavData_ENG > 'POLICY' left menu: Server SSL
[S]ReportLog >> test.Test_NavData_ENG > 'POLICY' left menu: DPI-SSH
[S]ReportLog >> test.Test_NavData_ENG > 'POLICY' left menu: Settings
[S]ReportLog >> test.Test_NavData_ENG > 'POLICY' left menu: Security Services
[S]ReportLog >> test.Test_NavData_ENG > 'POLICY' left menu: Summary
[S]ReportLog >> test.Test_NavData_ENG > 'POLICY' left menu: Gateway Anti-Virus
[S]ReportLog >> test.Test_NavData_ENG > 'POLICY' left menu: Anti-Spyware
[S]ReportLog >> test.Test_NavData_ENG > 'POLICY' left menu: Intrusion Prevention
[S]ReportLog >> test.Test_NavData_ENG > 'POLICY' left menu: Geo-IP Filter
[S]ReportLog >> test.Test_NavData_ENG > 'POLICY' left menu: Botnet Filter
[S]ReportLog >> test.Test_NavData_ENG > 'POLICY' left menu: App Control
[S]ReportLog >> test.Test_NavData_ENG > 'POLICY' left menu: Content Filter
[S]ReportLog >> test.Test_NavData_ENG > 'POLICY' left menu: Anti-Spam
[S]ReportLog >> test.Test_NavData_ENG > 'POLICY' left menu: Status
[S]ReportLog >> test.Test_NavData_ENG > 'POLICY' left menu: Settings
[S]ReportLog >> test.Test_NavData_ENG > 'POLICY' left menu: Capture ATP
[S]ReportLog >> test.Test_NavData_ENG > 'POLICY' left menu: Settings
[S]ReportLog >> test.Test_NavData_ENG > 'POLICY' left menu: Endpoint Security
[S]ReportLog >> test_Step07_PolicyMenu_Top_ENG > Data updated!
[S]ReportLog >> test_Step07_PolicyMenu_Top_ENG > Top menu 'POLICY' is done!]]>
  </system-out>
  <testcase classname="test.Test_NavData_ENG" name="test_Step03_MonitorMenu_Top_ENG" time="14.527"/>
  <system-out>
    <![CDATA[[S]ReportLog >> test.Test_NavData_ENG > 'MONITOR' left menu expanded (4). Please wait...
[S]ReportLog >> test.Test_NavData_ENG > 'MONITOR' menu total: 20
[S]ReportLog >> test.Test_NavData_ENG > 'MONITOR' left menu: Real-Time Charts
[S]ReportLog >> test.Test_NavData_ENG > 'MONITOR' left menu: System Monitor
[S]ReportLog >> test.Test_NavData_ENG > 'MONITOR' left menu: Protocol Monitor
[S]ReportLog >> test.Test_NavData_ENG > 'MONITOR' left menu: User Monitor
[S]ReportLog >> test.Test_NavData_ENG > 'MONITOR' left menu: BWM Monitor
[S]ReportLog >> test.Test_NavData_ENG > 'MONITOR' left menu: AppFlow
[S]ReportLog >> test.Test_NavData_ENG > 'MONITOR' left menu: AppFlow Report
[S]ReportLog >> test.Test_NavData_ENG > 'MONITOR' left menu: AppFlow Monitor
[S]ReportLog >> test.Test_NavData_ENG > 'MONITOR' left menu: CTA Report
[S]ReportLog >> test.Test_NavData_ENG > 'MONITOR' left menu: SDWAN
[S]ReportLog >> test.Test_NavData_ENG > 'MONITOR' left menu: SDWAN Monitor
[S]ReportLog >> test.Test_NavData_ENG > 'MONITOR' left menu: SD-WAN Connections
[S]ReportLog >> test.Test_NavData_ENG > 'MONITOR' left menu: Logs
[S]ReportLog >> test.Test_NavData_ENG > 'MONITOR' left menu: System Logs
[S]ReportLog >> test.Test_NavData_ENG > 'MONITOR' left menu: Auditing Logs
[S]ReportLog >> test.Test_NavData_ENG > 'MONITOR' left menu: Tools & Monitors
[S]ReportLog >> test.Test_NavData_ENG > 'MONITOR' left menu: Packet Monitor
[S]ReportLog >> test.Test_NavData_ENG > 'MONITOR' left menu: Connections
[S]ReportLog >> test.Test_NavData_ENG > 'MONITOR' left menu: Core 0 Processes
[S]ReportLog >> test.Test_NavData_ENG > 'MONITOR' left menu: Packet Replay
[S]ReportLog >> test_Step03_MonitorMenu_Top_ENG > Data updated!
[S]ReportLog >> test_Step03_MonitorMenu_Top_ENG > Top menu 'MONITOR' is done!]]>
  </system-out>
  <testcase classname="test.Test_NavData_ENG" name="test_Step06_ObjectMenu_Top_ENG" time="6.535"/>
  <system-out>
    <![CDATA[[S]ReportLog >> test.Test_NavData_ENG > 'OBJECT' left menu expanded (2). Please wait...
[S]ReportLog >> test.Test_NavData_ENG > 'OBJECT' menu total: 19
[S]ReportLog >> test.Test_NavData_ENG > 'OBJECT' left menu: Match Objects
[S]ReportLog >> test.Test_NavData_ENG > 'OBJECT' left menu: Zones
[S]ReportLog >> test.Test_NavData_ENG > 'OBJECT' left menu: Addresses
[S]ReportLog >> test.Test_NavData_ENG > 'OBJECT' left menu: Services
[S]ReportLog >> test.Test_NavData_ENG > 'OBJECT' left menu: URI Lists
[S]ReportLog >> test.Test_NavData_ENG > 'OBJECT' left menu: Match Objects
[S]ReportLog >> test.Test_NavData_ENG > 'OBJECT' left menu: Schedules
[S]ReportLog >> test.Test_NavData_ENG > 'OBJECT' left menu: Dynamic Group
[S]ReportLog >> test.Test_NavData_ENG > 'OBJECT' left menu: Email Addresses
[S]ReportLog >> test.Test_NavData_ENG > 'OBJECT' left menu: Profile Objects
[S]ReportLog >> test.Test_NavData_ENG > 'OBJECT' left menu: Endpoint Security
[S]ReportLog >> test.Test_NavData_ENG > 'OBJECT' left menu: Bandwidth
[S]ReportLog >> test.Test_NavData_ENG > 'OBJECT' left menu: QoS Marking
[S]ReportLog >> test.Test_NavData_ENG > 'OBJECT' left menu: Content Filter
[S]ReportLog >> test.Test_NavData_ENG > 'OBJECT' left menu: DHCP Option
[S]ReportLog >> test.Test_NavData_ENG > 'OBJECT' left menu: AWS
[S]ReportLog >> test.Test_NavData_ENG > 'OBJECT' left menu: Action Objects
[S]ReportLog >> test.Test_NavData_ENG > 'OBJECT' left menu: App Rule Actions
[S]ReportLog >> test.Test_NavData_ENG > 'OBJECT' left menu: Content Filter Actions
[S]ReportLog >> test_Step06_ObjectMenu_Top_ENG > Data updated!
[S]ReportLog >> test_Step06_ObjectMenu_Top_ENG > Top menu 'OBJECT' is done!]]>
  </system-out>
  <testcase classname="test.Test_NavData_ENG" name="test_Step01_Login_ENG" time="1.147"/>
  <system-out>
    <![CDATA[[S]ReportLog >> test_Step01_Login_ENG > Login to main page...]]>
  </system-out>
  <testcase classname="test.Test_NavData_ENG" name="test_Step05_NetworkMenu_Top_ENG" time="15.056"/>
  <system-out>
    <![CDATA[[S]ReportLog >> test.Test_NavData_ENG > 'NETWORK' left menu expanded (7). Please wait...
[S]ReportLog >> test.Test_NavData_ENG > 'NETWORK' menu total: 52
[S]ReportLog >> test.Test_NavData_ENG > 'NETWORK' left menu: System
[S]ReportLog >> test.Test_NavData_ENG > 'NETWORK' left menu: Interfaces
[S]ReportLog >> test.Test_NavData_ENG > 'NETWORK' left menu: Failover & LB
[S]ReportLog >> test.Test_NavData_ENG > 'NETWORK' left menu: Neighbor Discovery
[S]ReportLog >> test.Test_NavData_ENG > 'NETWORK' left menu: ARP
[S]ReportLog >> test.Test_NavData_ENG > 'NETWORK' left menu: MAC IP Anti-Spoof
[S]ReportLog >> test.Test_NavData_ENG > 'NETWORK' left menu: Web Proxy
[S]ReportLog >> test.Test_NavData_ENG > 'NETWORK' left menu: PortShield Groups
[S]ReportLog >> test.Test_NavData_ENG > 'NETWORK' left menu: VLAN Translation
[S]ReportLog >> test.Test_NavData_ENG > 'NETWORK' left menu: IP Helper
[S]ReportLog >> test.Test_NavData_ENG > 'NETWORK' left menu: Dynamic Routing
[S]ReportLog >> test.Test_NavData_ENG > 'NETWORK' left menu: DHCP Server
[S]ReportLog >> test.Test_NavData_ENG > 'NETWORK' left menu: Multicast
[S]ReportLog >> test.Test_NavData_ENG > 'NETWORK' left menu: Network Monitor
[S]ReportLog >> test.Test_NavData_ENG > 'NETWORK' left menu: AWS Configuration
[S]ReportLog >> test.Test_NavData_ENG > 'NETWORK' left menu: Firewall
[S]ReportLog >> test.Test_NavData_ENG > 'NETWORK' left menu: Advanced
[S]ReportLog >> test.Test_NavData_ENG > 'NETWORK' left menu: Flood Protection
[S]ReportLog >> test.Test_NavData_ENG > 'NETWORK' left menu: SSL Control
[S]ReportLog >> test.Test_NavData_ENG > 'NETWORK' left menu: Cipher Control
[S]ReportLog >> test.Test_NavData_ENG > 'NETWORK' left menu: RBL Filter
[S]ReportLog >> test.Test_NavData_ENG > 'NETWORK' left menu: VoIP
[S]ReportLog >> test.Test_NavData_ENG > 'NETWORK' left menu: Settings
[S]ReportLog >> test.Test_NavData_ENG > 'NETWORK' left menu: Call Status
[S]ReportLog >> test.Test_NavData_ENG > 'NETWORK' left menu: DNS
[S]ReportLog >> test.Test_NavData_ENG > 'NETWORK' left menu: Settings
[S]ReportLog >> test.Test_NavData_ENG > 'NETWORK' left menu: Dynamic DNS
[S]ReportLog >> test.Test_NavData_ENG > 'NETWORK' left menu: DNS Proxy
[S]ReportLog >> test.Test_NavData_ENG > 'NETWORK' left menu: DNS Security
[S]ReportLog >> test.Test_NavData_ENG > 'NETWORK' left menu: Switching
[S]ReportLog >> test.Test_NavData_ENG > 'NETWORK' left menu: VLAN Trunking
[S]ReportLog >> test.Test_NavData_ENG > 'NETWORK' left menu: L2 Discovery
[S]ReportLog >> test.Test_NavData_ENG > 'NETWORK' left menu: Link Aggregation
[S]ReportLog >> test.Test_NavData_ENG > 'NETWORK' left menu: Port Mirroring
[S]ReportLog >> test.Test_NavData_ENG > 'NETWORK' left menu: SDWAN
[S]ReportLog >> test.Test_NavData_ENG > 'NETWORK' left menu: Groups
[S]ReportLog >> test.Test_NavData_ENG > 'NETWORK' left menu: SLA Probes
[S]ReportLog >> test.Test_NavData_ENG > 'NETWORK' left menu: SLA Class Objects
[S]ReportLog >> test.Test_NavData_ENG > 'NETWORK' left menu: Path Selection Profiles
[S]ReportLog >> test.Test_NavData_ENG > 'NETWORK' left menu: Rules
[S]ReportLog >> test.Test_NavData_ENG > 'NETWORK' left menu: IPSec VPN
[S]ReportLog >> test.Test_NavData_ENG > 'NETWORK' left menu: Rules and Settings
[S]ReportLog >> test.Test_NavData_ENG > 'NETWORK' left menu: Advanced
[S]ReportLog >> test.Test_NavData_ENG > 'NETWORK' left menu: DHCP over VPN
[S]ReportLog >> test.Test_NavData_ENG > 'NETWORK' left menu: L2TP Server
[S]ReportLog >> test.Test_NavData_ENG > 'NETWORK' left menu: AWS VPN
[S]ReportLog >> test.Test_NavData_ENG > 'NETWORK' left menu: SSL VPN
[S]ReportLog >> test.Test_NavData_ENG > 'NETWORK' left menu: Status
[S]ReportLog >> test.Test_NavData_ENG > 'NETWORK' left menu: Server Settings
[S]ReportLog >> test.Test_NavData_ENG > 'NETWORK' left menu: Client Settings
[S]ReportLog >> test.Test_NavData_ENG > 'NETWORK' left menu: Portal Settings
[S]ReportLog >> test.Test_NavData_ENG > 'NETWORK' left menu: Virtual Office
[S]ReportLog >> test_Step05_NetworkMenu_Top_ENG > Data updated!
[S]ReportLog >> test_Step05_NetworkMenu_Top_ENG > Top menu 'NETWORK' is done!]]>
  </system-out>
  <testcase classname="test.Test_NavData_ENG" name="test_Step04_DeviceMenu_Top_ENG" time="22.254"/>
  <system-out>
    <![CDATA[[S]ReportLog >> test.Test_NavData_ENG > 'DEVICE' left menu expanded (8). Please wait...
[S]ReportLog >> test.Test_NavData_ENG > 'DEVICE' menu total: 67
[S]ReportLog >> test.Test_NavData_ENG > 'DEVICE' left menu: Settings
[S]ReportLog >> test.Test_NavData_ENG > 'DEVICE' left menu: Licenses
[S]ReportLog >> test.Test_NavData_ENG > 'DEVICE' left menu: Administration
[S]ReportLog >> test.Test_NavData_ENG > 'DEVICE' left menu: Time
[S]ReportLog >> test.Test_NavData_ENG > 'DEVICE' left menu: Certificates
[S]ReportLog >> test.Test_NavData_ENG > 'DEVICE' left menu: SNMP
[S]ReportLog >> test.Test_NavData_ENG > 'DEVICE' left menu: Firmware and Settings
[S]ReportLog >> test.Test_NavData_ENG > 'DEVICE' left menu: Storage
[S]ReportLog >> test.Test_NavData_ENG > 'DEVICE' left menu: Restart
[S]ReportLog >> test.Test_NavData_ENG > 'DEVICE' left menu: High Availability
[S]ReportLog >> test.Test_NavData_ENG > 'DEVICE' left menu: Status
[S]ReportLog >> test.Test_NavData_ENG > 'DEVICE' left menu: Settings
[S]ReportLog >> test.Test_NavData_ENG > 'DEVICE' left menu: Advanced
[S]ReportLog >> test.Test_NavData_ENG > 'DEVICE' left menu: Monitoring
[S]ReportLog >> test.Test_NavData_ENG > 'DEVICE' left menu: Users
[S]ReportLog >> test.Test_NavData_ENG > 'DEVICE' left menu: Status
[S]ReportLog >> test.Test_NavData_ENG > 'DEVICE' left menu: Settings
[S]ReportLog >> test.Test_NavData_ENG > 'DEVICE' left menu: Partitions
[S]ReportLog >> test.Test_NavData_ENG > 'DEVICE' left menu: Local Users & Groups
[S]ReportLog >> test.Test_NavData_ENG > 'DEVICE' left menu: Guest Services
[S]ReportLog >> test.Test_NavData_ENG > 'DEVICE' left menu: Guest Accounts
[S]ReportLog >> test.Test_NavData_ENG > 'DEVICE' left menu: Guest Status
[S]ReportLog >> test.Test_NavData_ENG > 'DEVICE' left menu: AppFlow
[S]ReportLog >> test.Test_NavData_ENG > 'DEVICE' left menu: Flow Reporting
[S]ReportLog >> test.Test_NavData_ENG > 'DEVICE' left menu: AppFlow Agent
[S]ReportLog >> test.Test_NavData_ENG > 'DEVICE' left menu: Log
[S]ReportLog >> test.Test_NavData_ENG > 'DEVICE' left menu: Settings
[S]ReportLog >> test.Test_NavData_ENG > 'DEVICE' left menu: Syslog
[S]ReportLog >> test.Test_NavData_ENG > 'DEVICE' left menu: Automation
[S]ReportLog >> test.Test_NavData_ENG > 'DEVICE' left menu: Name Resolution
[S]ReportLog >> test.Test_NavData_ENG > 'DEVICE' left menu: Reports
[S]ReportLog >> test.Test_NavData_ENG > 'DEVICE' left menu: AWS
[S]ReportLog >> test.Test_NavData_ENG > 'DEVICE' left menu: Diagnostics
[S]ReportLog >> test.Test_NavData_ENG > 'DEVICE' left menu: Tech Support Report
[S]ReportLog >> test.Test_NavData_ENG > 'DEVICE' left menu: Check Network Settings
[S]ReportLog >> test.Test_NavData_ENG > 'DEVICE' left menu: DNS Name Lookup
[S]ReportLog >> test.Test_NavData_ENG > 'DEVICE' left menu: Network Path
[S]ReportLog >> test.Test_NavData_ENG > 'DEVICE' left menu: Ping
[S]ReportLog >> test.Test_NavData_ENG > 'DEVICE' left menu: Trace Route
[S]ReportLog >> test.Test_NavData_ENG > 'DEVICE' left menu: Real-Time Blacklist
[S]ReportLog >> test.Test_NavData_ENG > 'DEVICE' left menu: Reverse Name Lookup
[S]ReportLog >> test.Test_NavData_ENG > 'DEVICE' left menu: Connection TopX
[S]ReportLog >> test.Test_NavData_ENG > 'DEVICE' left menu: Geo and Botnet
[S]ReportLog >> test.Test_NavData_ENG > 'DEVICE' left menu: URL Rating Request
[S]ReportLog >> test.Test_NavData_ENG > 'DEVICE' left menu: PMTU Discovery
[S]ReportLog >> test.Test_NavData_ENG > 'DEVICE' left menu: Switch Diagnostics
[S]ReportLog >> test.Test_NavData_ENG > 'DEVICE' left menu: Switch Network
[S]ReportLog >> test.Test_NavData_ENG > 'DEVICE' left menu: Overview
[S]ReportLog >> test.Test_NavData_ENG > 'DEVICE' left menu: Switches
[S]ReportLog >> test.Test_NavData_ENG > 'DEVICE' left menu: Access Points
[S]ReportLog >> test.Test_NavData_ENG > 'DEVICE' left menu: Settings
[S]ReportLog >> test.Test_NavData_ENG > 'DEVICE' left menu: Firmware Management
[S]ReportLog >> test.Test_NavData_ENG > 'DEVICE' left menu: Floor Plan View
[S]ReportLog >> test.Test_NavData_ENG > 'DEVICE' left menu: Station Status
[S]ReportLog >> test.Test_NavData_ENG > 'DEVICE' left menu: IDS
[S]ReportLog >> test.Test_NavData_ENG > 'DEVICE' left menu: Advanced IDP
[S]ReportLog >> test.Test_NavData_ENG > 'DEVICE' left menu: Packet Capture
[S]ReportLog >> test.Test_NavData_ENG > 'DEVICE' left menu: Virtual Access Point
[S]ReportLog >> test.Test_NavData_ENG > 'DEVICE' left menu: RF Monitoring
[S]ReportLog >> test.Test_NavData_ENG > 'DEVICE' left menu: RF Analysis
[S]ReportLog >> test.Test_NavData_ENG > 'DEVICE' left menu: RF Spectrum
[S]ReportLog >> test.Test_NavData_ENG > 'DEVICE' left menu: FairNet
[S]ReportLog >> test.Test_NavData_ENG > 'DEVICE' left menu: Wi-Fi Multimedia
[S]ReportLog >> test.Test_NavData_ENG > 'DEVICE' left menu: 3G/4G/LTE WWAN
[S]ReportLog >> test.Test_NavData_ENG > 'DEVICE' left menu: Bluetooth LE
[S]ReportLog >> test.Test_NavData_ENG > 'DEVICE' left menu: Radio Management
[S]ReportLog >> test.Test_NavData_ENG > 'DEVICE' left menu: WWAN
[S]ReportLog >> test_Step04_DeviceMenu_Top_ENG > Data updated!
[S]ReportLog >> test_Step04_DeviceMenu_Top_ENG > Top menu 'DEVICE' is done!]]>
  </system-out>
  <testcase classname="test.Test_NavData_ENG" name="test_Step02_HomeMenu_Top_ENG" time="21.122"/>
  <system-out>
    <![CDATA[[S]ReportLog >> test_Step02_HomeMenu_Top_ENG > Got info for [ENG]!
[S]ReportLog >> test.Test_NavData_ENG > 'HOME' left menu expanded (2). Please wait...
[S]ReportLog >> test.Test_NavData_ENG > 'HOME' menu total: 6
[S]ReportLog >> test.Test_NavData_ENG > 'HOME' left menu: Dashboard
[S]ReportLog >> test.Test_NavData_ENG > 'HOME' left menu: System
[S]ReportLog >> test.Test_NavData_ENG > 'HOME' left menu: Access Points
[S]ReportLog >> test.Test_NavData_ENG > 'HOME' left menu: Topology
[S]ReportLog >> test.Test_NavData_ENG > 'HOME' left menu: Legal Information
[S]ReportLog >> test.Test_NavData_ENG > 'HOME' left menu: API
[S]ReportLog >> test_Step02_HomeMenu_Top_ENG > Data created!
[S]ReportLog >> test_Step02_HomeMenu_Top_ENG > Data updated!
[S]ReportLog >> test_Step02_HomeMenu_Top_ENG > Top menu 'HOME' is done!]]>
  </system-out>
</testsuite> <!-- test.Test_NavData_ENG -->
