<?xml version="1.0" encoding="UTF-8"?>
<!-- Generated by org.testng.reporters.JUnitReportReporter -->
<testsuite hostname="cl4n4y1-khuang" failures="0" tests="1" name="test.Test_vsDATA" time="0.015" errors="0" timestamp="2021-09-17T15:07:38 CST" skipped="0">
  <testcase classname="test.Test_vsDATA" name="test_dataCompare" time="0.015"/>
  <system-out>
    <![CDATA[[S]ReportLog >> box_JPN > Got data!
[S]ReportLog >> box_ENG > Got data!
[S]ReportLog >> test_dataCompare > Ready to start...
[S]ReportLog >> test_dataCompare > --------------------------------------------------------------------
[S]ReportLog >> test_dataCompare > [JPN] info: Device Name -----> TZ 370W
[S]ReportLog >> test_dataCompare > [JPN] info: Serial Number ---> 2CB8ED69339C
[S]ReportLog >> test_dataCompare > [JPN] info: Firmware Version > SonicOS 7.0.1-5018
[S]ReportLog >> test_dataCompare > --------------------------------------------------------------------
[S]ReportLog >> test_dataCompare > [ENG] info: Device Name -----> TZ 570W
[S]ReportLog >> test_dataCompare > [ENG] info: Serial Number ---> 2CB8ED4ACD9C
[S]ReportLog >> test_dataCompare > [ENG] info: Firmware Version > SonicOS 7.0.1-5025
[S]ReportLog >> test_dataCompare > --------------------------------------------------------------------
[S]ReportLog >> missing_page > [ENG] version missing: HOME > Dashboard > Capture ATP
[S]ReportLog >> missing_page > [ENG] version missing: POLICY > Capture ATP > Scanning History]]>
  </system-out>
</testsuite> <!-- test.Test_vsDATA -->
