<?xml version="1.0" encoding="UTF-8"?>
<!-- Generated by org.testng.reporters.JUnitReportReporter -->
<testsuite hostname="cl4n4y1-khuang" failures="0" tests="1" name="test.Test_vsDATA" time="0.100" errors="0" timestamp="2021-09-27T16:15:10 CST" skipped="0">
  <testcase classname="test.Test_vsDATA" name="test_dataCompare" time="0.100"/>
  <system-out>
    <![CDATA[[S]ReportLog >> box_JPN > Got data!
[S]ReportLog >> box_ENG > Got data!
[S]ReportLog >> test_dataCompare > Ready to start...
[S]ReportLog >> test_dataCompare > --------------------------------------------------------------------
[S]ReportLog >> test_dataCompare > [JPN] info: Device Name -----> TZ 470
[S]ReportLog >> test_dataCompare > [JPN] info: Serial Number ---> 2CB8ED69526C
[S]ReportLog >> test_dataCompare > [JPN] info: Firmware Version > SonicOS 7.0.1-5018
[S]ReportLog >> test_dataCompare > --------------------------------------------------------------------
[S]ReportLog >> test_dataCompare > [ENG] info: Device Name -----> NSA 2700
[S]ReportLog >> test_dataCompare > [ENG] info: Serial Number ---> 2CB8ED8289A8
[S]ReportLog >> test_dataCompare > [ENG] info: Firmware Version > SonicOS 7.0.1-5023
[S]ReportLog >> test_dataCompare > --------------------------------------------------------------------
[S]ReportLog >> missing_page > [ENG] version missing: HOME > Dashboard > Capture ATP
[S]ReportLog >> missing_page > [JPN] version missing: DEVICE > Users > Partitions
[S]ReportLog >> missing_page > [ENG] version missing: DEVICE > Diagnostics > MX and Banner
[S]ReportLog >> missing_page > [ENG] version missing: DEVICE > Diagnostics > GRID Check
[S]ReportLog >> missing_page > [JPN] version missing: NETWORK > Switching
[S]ReportLog >> missing_page > [JPN] version missing: NETWORK > Switching > VLAN Trunking
[S]ReportLog >> missing_page > [JPN] version missing: NETWORK > Switching > L2 Discovery
[S]ReportLog >> missing_page > [JPN] version missing: NETWORK > Switching > Link Aggregation
[S]ReportLog >> missing_page > [JPN] version missing: NETWORK > Switching > Port Mirroring
[S]ReportLog >> missing_page > [ENG] version missing: POLICY > Capture ATP > Scanning History]]>
  </system-out>
</testsuite> <!-- test.Test_vsDATA -->
