<?xml version="1.0" encoding="UTF-8"?>
<!-- Generated by org.testng.reporters.JUnitReportReporter -->
<testsuite hostname="cl4n4y1-khuang" failures="0" tests="2" name="test.Test_NavData_JPN" time="128.622" errors="0" timestamp="2021-11-08T10:20:16 CST" skipped="0">
  <testcase classname="test.Test_NavData_JPN" name="test_Step01_Login_JPN" time="65.182"/>
  <system-out>
    <![CDATA[[S]ReportLog >> test_Step01_Login_JPN > Login to main page...]]>
  </system-out>
  <testcase classname="test.Test_NavData_JPN" name="test_Step02_MenuTop_JPN" time="63.440"/>
  <system-out>
    <![CDATA[[S]ReportLog >> test_Step02_MenuTop_JPN > Switch to 'Non-Config' mode...
[S]ReportLog >> test_Step02_MenuTop_JPN > Got info for [JPN]!
[S]ReportLog >> test.Test_NavData_JPN > 'HOME' has sub closed menu (2). Please wait...
[S]ReportLog >> test.Test_NavData_JPN > 法的情報
[S]ReportLog >> test.Test_NavData_JPN > API
[S]ReportLog >> test.Test_NavData_JPN > *************************************************
[S]ReportLog >> test.Test_NavData_JPN > >>>>>>>>>>>>>>>>>>>
[S]ReportLog >> test.Test_NavData_JPN > API is clicked!
[S]ReportLog >> test.Test_NavData_JPN > 'HOME' sub-menu API total: 0
[S]ReportLog >> test.Test_NavData_JPN > Menu Index: 6
[S]ReportLog >> test.Test_NavData_JPN > Add sub closed menu: API
[S]ReportLog >> test.Test_NavData_JPN > 'HOME' Change sub closed menu >> API
[S]ReportLog >> test.Test_NavData_JPN > >>>>>>>>>>>>>>>>>>>
[S]ReportLog >> test.Test_NavData_JPN > 法的情報 is clicked!
[S]ReportLog >> test.Test_NavData_JPN > 'HOME' sub-menu 法的情報 total: 0
[S]ReportLog >> test.Test_NavData_JPN > Menu Index: 5
[S]ReportLog >> test.Test_NavData_JPN > Add sub closed menu: 法的情報
[S]ReportLog >> test.Test_NavData_JPN > 'HOME' Change sub closed menu >> Legal Information
[S]ReportLog >> test.Test_NavData_JPN > +++++++++++++++++++++++++++++++++++++++++++++++++
[S]ReportLog >> test.Test_NavData_JPN > Add top opened menu: ダッシュボード
[S]ReportLog >> test.Test_NavData_JPN > 'HOME' Change sub closed menu >> Dashboard
[S]ReportLog >> test.Test_NavData_JPN > Add top opened menu: システム
[S]ReportLog >> test.Test_NavData_JPN > 'HOME' Change sub closed menu >> System
[S]ReportLog >> test.Test_NavData_JPN > Add top opened menu: アクセス ポイント
[S]ReportLog >> test.Test_NavData_JPN > 'HOME' Change sub closed menu >> Access Points
[S]ReportLog >> test.Test_NavData_JPN > Add top opened menu: キャプチャ ATP
[S]ReportLog >> test.Test_NavData_JPN > 'HOME' Change sub closed menu >> Capture ATP
[S]ReportLog >> test.Test_NavData_JPN > Add top opened menu: トポロジ
[S]ReportLog >> test.Test_NavData_JPN > 'HOME' Change sub closed menu >> Topology
[S]ReportLog >> test.Test_NavData_JPN > @@@@@@@@@@@@@@@@@@@@@@@@@@@@@@@@@@@@@@@@@@@@@@@@@
[S]ReportLog >> test.Test_NavData_JPN > MENU: API
[S]ReportLog >> test.Test_NavData_JPN > MENU: Legal Information
[S]ReportLog >> test.Test_NavData_JPN > MENU: Dashboard
[S]ReportLog >> test.Test_NavData_JPN > MENU: System
[S]ReportLog >> test.Test_NavData_JPN > MENU: Access Points
[S]ReportLog >> test.Test_NavData_JPN > MENU: Capture ATP
[S]ReportLog >> test.Test_NavData_JPN > MENU: Topology
[S]ReportLog >> test.Test_NavData_JPN > ALL MENU: 7
[S]ReportLog >> test_Step02_MenuTop_JPN > Data created!
[S]ReportLog >> test_Step02_MenuTop_JPN > Data updated!
[S]ReportLog >> test_Step02_MenuTop_JPN > Top menu 'HOME' is done!
[S]ReportLog >> test.Test_NavData_JPN > 'MONITOR' has sub closed menu (4). Please wait...
[S]ReportLog >> test.Test_NavData_JPN > AppFlow
[S]ReportLog >> test.Test_NavData_JPN > SDWAN
[S]ReportLog >> test.Test_NavData_JPN > ログ
[S]ReportLog >> test.Test_NavData_JPN > ツールと監視
[S]ReportLog >> test.Test_NavData_JPN > *************************************************
[S]ReportLog >> test.Test_NavData_JPN > >>>>>>>>>>>>>>>>>>>
[S]ReportLog >> test.Test_NavData_JPN > ツールと監視 is clicked!
[S]ReportLog >> test.Test_NavData_JPN > 'MONITOR' sub-menu ツールと監視 total: 4
[S]ReportLog >> test.Test_NavData_JPN > Menu Index: 8
[S]ReportLog >> test.Test_NavData_JPN > Add sub closed menu: ツールと監視
[S]ReportLog >> test.Test_NavData_JPN > 'MONITOR' Change sub closed menu >> Tools & Monitors
[S]ReportLog >> test.Test_NavData_JPN > Menu Index: 9
[S]ReportLog >> test.Test_NavData_JPN > Add sub closed menu: パケット監視
[S]ReportLog >> test.Test_NavData_JPN > 'MONITOR' Change sub closed menu >> Packet Monitor
[S]ReportLog >> test.Test_NavData_JPN > Menu Index: 10
[S]ReportLog >> test.Test_NavData_JPN > Add sub closed menu: 接続
[S]ReportLog >> test.Test_NavData_JPN > 'MONITOR' Change sub closed menu >> Connections
[S]ReportLog >> test.Test_NavData_JPN > Menu Index: 11
[S]ReportLog >> test.Test_NavData_JPN > Add sub closed menu: コア 0 プロセス
[S]ReportLog >> test.Test_NavData_JPN > 'MONITOR' Change sub closed menu >> Core 0 Processes
[S]ReportLog >> test.Test_NavData_JPN > Menu Index: 12
[S]ReportLog >> test.Test_NavData_JPN > Add sub closed menu: パケット再生
[S]ReportLog >> test.Test_NavData_JPN > 'MONITOR' Change sub closed menu >> Packet Replay
[S]ReportLog >> test.Test_NavData_JPN > >>>>>>>>>>>>>>>>>>>
[S]ReportLog >> test.Test_NavData_JPN > ログ is clicked!
[S]ReportLog >> test.Test_NavData_JPN > 'MONITOR' sub-menu ログ total: 2
[S]ReportLog >> test.Test_NavData_JPN > Menu Index: 7
[S]ReportLog >> test.Test_NavData_JPN > Add sub closed menu: ログ
[S]ReportLog >> test.Test_NavData_JPN > 'MONITOR' Change sub closed menu >> Logs
[S]ReportLog >> test.Test_NavData_JPN > Menu Index: 8
[S]ReportLog >> test.Test_NavData_JPN > Add sub closed menu: システム ログ
[S]ReportLog >> test.Test_NavData_JPN > 'MONITOR' Change sub closed menu >> System Logs
[S]ReportLog >> test.Test_NavData_JPN > Menu Index: 9
[S]ReportLog >> test.Test_NavData_JPN > Add sub closed menu: 監査ログ
[S]ReportLog >> test.Test_NavData_JPN > 'MONITOR' Change sub closed menu >> Auditing Logs
[S]ReportLog >> test.Test_NavData_JPN > >>>>>>>>>>>>>>>>>>>
[S]ReportLog >> test.Test_NavData_JPN > SDWAN is clicked!
[S]ReportLog >> test.Test_NavData_JPN > 'MONITOR' sub-menu SDWAN total: 2
[S]ReportLog >> test.Test_NavData_JPN > Menu Index: 6
[S]ReportLog >> test.Test_NavData_JPN > Add sub closed menu: SDWAN
[S]ReportLog >> test.Test_NavData_JPN > 'MONITOR' Change sub closed menu >> SDWAN
[S]ReportLog >> test.Test_NavData_JPN > Menu Index: 7
[S]ReportLog >> test.Test_NavData_JPN > Add sub closed menu: SDWAN 監視
[S]ReportLog >> test.Test_NavData_JPN > 'MONITOR' Change sub closed menu >> SDWAN Monitor
[S]ReportLog >> test.Test_NavData_JPN > Menu Index: 8
[S]ReportLog >> test.Test_NavData_JPN > Add sub closed menu: SD-WAN 接続
[S]ReportLog >> test.Test_NavData_JPN > 'MONITOR' Change sub closed menu >> SD-WAN Connections
[S]ReportLog >> test.Test_NavData_JPN > >>>>>>>>>>>>>>>>>>>
[S]ReportLog >> test.Test_NavData_JPN > AppFlow is clicked!
[S]ReportLog >> test.Test_NavData_JPN > 'MONITOR' sub-menu AppFlow total: 3
[S]ReportLog >> test.Test_NavData_JPN > Menu Index: 5
[S]ReportLog >> test.Test_NavData_JPN > Add sub closed menu: AppFlow
[S]ReportLog >> test.Test_NavData_JPN > 'MONITOR' Change sub closed menu >> AppFlow
[S]ReportLog >> test.Test_NavData_JPN > Menu Index: 6
[S]ReportLog >> test.Test_NavData_JPN > Add sub closed menu: AppFlow 報告
[S]ReportLog >> test.Test_NavData_JPN > 'MONITOR' Change sub closed menu >> AppFlow Report
[S]ReportLog >> test.Test_NavData_JPN > Menu Index: 7
[S]ReportLog >> test.Test_NavData_JPN > Add sub closed menu: AppFlow 監視
[S]ReportLog >> test.Test_NavData_JPN > 'MONITOR' Change sub closed menu >> AppFlow Monitor
[S]ReportLog >> test.Test_NavData_JPN > Menu Index: 8
[S]ReportLog >> test.Test_NavData_JPN > Add sub closed menu: CTA レポート
[S]ReportLog >> test.Test_NavData_JPN > 'MONITOR' Change sub closed menu >> CTA Report
[S]ReportLog >> test.Test_NavData_JPN > +++++++++++++++++++++++++++++++++++++++++++++++++
[S]ReportLog >> test.Test_NavData_JPN > Add top opened menu: リアルタイム グラフ
[S]ReportLog >> test.Test_NavData_JPN > 'MONITOR' Change sub closed menu >> Real-Time Charts
[S]ReportLog >> test.Test_NavData_JPN > Add top opened menu: システム監視
[S]ReportLog >> test.Test_NavData_JPN > 'MONITOR' Change sub closed menu >> System Monitor
[S]ReportLog >> test.Test_NavData_JPN > Add top opened menu: プロトコル監視
[S]ReportLog >> test.Test_NavData_JPN > 'MONITOR' Change sub closed menu >> Protocol Monitor
[S]ReportLog >> test.Test_NavData_JPN > Add top opened menu: ユーザ監視
[S]ReportLog >> test.Test_NavData_JPN > 'MONITOR' Change sub closed menu >> User Monitor
[S]ReportLog >> test.Test_NavData_JPN > Add top opened menu: 帯域幅管理監視
[S]ReportLog >> test.Test_NavData_JPN > 'MONITOR' Change sub closed menu >> BWM Monitor
[S]ReportLog >> test.Test_NavData_JPN > @@@@@@@@@@@@@@@@@@@@@@@@@@@@@@@@@@@@@@@@@@@@@@@@@
[S]ReportLog >> test.Test_NavData_JPN > MENU: Tools & Monitors
[S]ReportLog >> test.Test_NavData_JPN > MENU: Packet Monitor
[S]ReportLog >> test.Test_NavData_JPN > MENU: Connections
[S]ReportLog >> test.Test_NavData_JPN > MENU: Core 0 Processes
[S]ReportLog >> test.Test_NavData_JPN > MENU: Packet Replay
[S]ReportLog >> test.Test_NavData_JPN > MENU: Logs
[S]ReportLog >> test.Test_NavData_JPN > MENU: System Logs
[S]ReportLog >> test.Test_NavData_JPN > MENU: Auditing Logs
[S]ReportLog >> test.Test_NavData_JPN > MENU: SDWAN
[S]ReportLog >> test.Test_NavData_JPN > MENU: SDWAN Monitor
[S]ReportLog >> test.Test_NavData_JPN > MENU: SD-WAN Connections
[S]ReportLog >> test.Test_NavData_JPN > MENU: AppFlow
[S]ReportLog >> test.Test_NavData_JPN > MENU: AppFlow Report
[S]ReportLog >> test.Test_NavData_JPN > MENU: AppFlow Monitor
[S]ReportLog >> test.Test_NavData_JPN > MENU: CTA Report
[S]ReportLog >> test.Test_NavData_JPN > MENU: Real-Time Charts
[S]ReportLog >> test.Test_NavData_JPN > MENU: System Monitor
[S]ReportLog >> test.Test_NavData_JPN > MENU: Protocol Monitor
[S]ReportLog >> test.Test_NavData_JPN > MENU: User Monitor
[S]ReportLog >> test.Test_NavData_JPN > MENU: BWM Monitor
[S]ReportLog >> test.Test_NavData_JPN > ALL MENU: 20
[S]ReportLog >> test_Step02_MenuTop_JPN > Data updated!
[S]ReportLog >> test_Step02_MenuTop_JPN > Top menu 'MONITOR' is done!
[S]ReportLog >> test.Test_NavData_JPN > 'DEVICE' has sub closed menu (9). Please wait...
[S]ReportLog >> test.Test_NavData_JPN > 内部無線
[S]ReportLog >> test.Test_NavData_JPN > 高可用性
[S]ReportLog >> test.Test_NavData_JPN > ユーザ
[S]ReportLog >> test.Test_NavData_JPN > AppFlow
[S]ReportLog >> test.Test_NavData_JPN > ログ
[S]ReportLog >> test.Test_NavData_JPN > 診断
[S]ReportLog >> test.Test_NavData_JPN > スイッチ ネットワーク
[S]ReportLog >> test.Test_NavData_JPN > アクセス ポイント
[S]ReportLog >> test.Test_NavData_JPN > WWAN
[S]ReportLog >> test.Test_NavData_JPN > *************************************************
[S]ReportLog >> test.Test_NavData_JPN > >>>>>>>>>>>>>>>>>>>
[S]ReportLog >> test.Test_NavData_JPN > WWAN is clicked!
[S]ReportLog >> test.Test_NavData_JPN > 'DEVICE' sub-menu WWAN total: 0
[S]ReportLog >> test.Test_NavData_JPN > Menu Index: 17
[S]ReportLog >> test.Test_NavData_JPN > Add sub closed menu: WWAN
[S]ReportLog >> test.Test_NavData_JPN > 'DEVICE' Change sub closed menu >> WWAN
[S]ReportLog >> test.Test_NavData_JPN > >>>>>>>>>>>>>>>>>>>
[S]ReportLog >> test.Test_NavData_JPN > アクセス ポイント is clicked!
[S]ReportLog >> test.Test_NavData_JPN > 'DEVICE' sub-menu アクセス ポイント total: 16
[S]ReportLog >> test.Test_NavData_JPN > Menu Index: 16
[S]ReportLog >> test.Test_NavData_JPN > Add sub closed menu: アクセス ポイント
[S]ReportLog >> test.Test_NavData_JPN > 'DEVICE' Change sub closed menu >> Access Points
[S]ReportLog >> test.Test_NavData_JPN > Menu Index: 17
[S]ReportLog >> test.Test_NavData_JPN > Add sub closed menu: 設定
[S]ReportLog >> test.Test_NavData_JPN > 'DEVICE' Change sub closed menu >> Settings
[S]ReportLog >> test.Test_NavData_JPN > Menu Index: 18
[S]ReportLog >> test.Test_NavData_JPN > Add sub closed menu: ファームウェア管理
[S]ReportLog >> test.Test_NavData_JPN > 'DEVICE' Change sub closed menu >> Firmware Management
[S]ReportLog >> test.Test_NavData_JPN > Menu Index: 19
[S]ReportLog >> test.Test_NavData_JPN > Add sub closed menu: フロア プラン表示
[S]ReportLog >> test.Test_NavData_JPN > 'DEVICE' Change sub closed menu >> Floor Plan View
[S]ReportLog >> test.Test_NavData_JPN > Menu Index: 20
[S]ReportLog >> test.Test_NavData_JPN > Add sub closed menu: ステーション状況
[S]ReportLog >> test.Test_NavData_JPN > 'DEVICE' Change sub closed menu >> Station Status
[S]ReportLog >> test.Test_NavData_JPN > Menu Index: 21
[S]ReportLog >> test.Test_NavData_JPN > Add sub closed menu: IDS
[S]ReportLog >> test.Test_NavData_JPN > 'DEVICE' Change sub closed menu >> IDS
[S]ReportLog >> test.Test_NavData_JPN > Menu Index: 22
[S]ReportLog >> test.Test_NavData_JPN > Add sub closed menu: 高度な IDP
[S]ReportLog >> test.Test_NavData_JPN > 'DEVICE' Change sub closed menu >> Advanced IDP
[S]ReportLog >> test.Test_NavData_JPN > Menu Index: 23
[S]ReportLog >> test.Test_NavData_JPN > Add sub closed menu: パケット キャプチャ
[S]ReportLog >> test.Test_NavData_JPN > 'DEVICE' Change sub closed menu >> Packet Capture
[S]ReportLog >> test.Test_NavData_JPN > Menu Index: 24
[S]ReportLog >> test.Test_NavData_JPN > Add sub closed menu: 仮想アクセス ポイント
[S]ReportLog >> test.Test_NavData_JPN > 'DEVICE' Change sub closed menu >> Virtual Access Point
[S]ReportLog >> test.Test_NavData_JPN > Menu Index: 25
[S]ReportLog >> test.Test_NavData_JPN > Add sub closed menu: RF 監視
[S]ReportLog >> test.Test_NavData_JPN > 'DEVICE' Change sub closed menu >> RF Monitoring
[S]ReportLog >> test.Test_NavData_JPN > Menu Index: 26
[S]ReportLog >> test.Test_NavData_JPN > Add sub closed menu: RF 解析
[S]ReportLog >> test.Test_NavData_JPN > 'DEVICE' Change sub closed menu >> RF Analysis
[S]ReportLog >> test.Test_NavData_JPN > Menu Index: 27
[S]ReportLog >> test.Test_NavData_JPN > Add sub closed menu: RF スペクトラム
[S]ReportLog >> test.Test_NavData_JPN > 'DEVICE' Change sub closed menu >> RF Spectrum
[S]ReportLog >> test.Test_NavData_JPN > Menu Index: 28
[S]ReportLog >> test.Test_NavData_JPN > Add sub closed menu: FairNet
[S]ReportLog >> test.Test_NavData_JPN > 'DEVICE' Change sub closed menu >> FairNet
[S]ReportLog >> test.Test_NavData_JPN > Menu Index: 29
[S]ReportLog >> test.Test_NavData_JPN > Add sub closed menu: Wi-Fi マルチメディア
[S]ReportLog >> test.Test_NavData_JPN > 'DEVICE' Change sub closed menu >> Wi-Fi Multimedia
[S]ReportLog >> test.Test_NavData_JPN > Menu Index: 30
[S]ReportLog >> test.Test_NavData_JPN > Add sub closed menu: 3G/4G/LTE WWAN
[S]ReportLog >> test.Test_NavData_JPN > 'DEVICE' Change sub closed menu >> 3G/4G/LTE WWAN
[S]ReportLog >> test.Test_NavData_JPN > Menu Index: 31
[S]ReportLog >> test.Test_NavData_JPN > Add sub closed menu: Bluetooth LE
[S]ReportLog >> test.Test_NavData_JPN > 'DEVICE' Change sub closed menu >> Bluetooth LE
[S]ReportLog >> test.Test_NavData_JPN > Menu Index: 32
[S]ReportLog >> test.Test_NavData_JPN > Add sub closed menu: 無線管理
[S]ReportLog >> test.Test_NavData_JPN > 'DEVICE' Change sub closed menu >> Radio Management
[S]ReportLog >> test.Test_NavData_JPN > >>>>>>>>>>>>>>>>>>>
[S]ReportLog >> test.Test_NavData_JPN > スイッチ ネットワーク is clicked!
[S]ReportLog >> test.Test_NavData_JPN > 'DEVICE' sub-menu スイッチ ネットワーク total: 2
[S]ReportLog >> test.Test_NavData_JPN > Menu Index: 15
[S]ReportLog >> test.Test_NavData_JPN > Add sub closed menu: スイッチ ネットワーク
[S]ReportLog >> test.Test_NavData_JPN > 'DEVICE' Change sub closed menu >> Switch Network
[S]ReportLog >> test.Test_NavData_JPN > Menu Index: 16
[S]ReportLog >> test.Test_NavData_JPN > Add sub closed menu: 概要
[S]ReportLog >> test.Test_NavData_JPN > 'DEVICE' Change sub closed menu >> Overview
[S]ReportLog >> test.Test_NavData_JPN > Menu Index: 17
[S]ReportLog >> test.Test_NavData_JPN > Add sub closed menu: スイッチ
[S]ReportLog >> test.Test_NavData_JPN > 'DEVICE' Change sub closed menu >> Switches
[S]ReportLog >> test.Test_NavData_JPN > >>>>>>>>>>>>>>>>>>>
[S]ReportLog >> test.Test_NavData_JPN > 診断 is clicked!
[S]ReportLog >> test.Test_NavData_JPN > 'DEVICE' sub-menu 診断 total: 15
[S]ReportLog >> test.Test_NavData_JPN > Menu Index: 14
[S]ReportLog >> test.Test_NavData_JPN > Add sub closed menu: 診断
[S]ReportLog >> test.Test_NavData_JPN > 'DEVICE' Change sub closed menu >> Diagnostics
[S]ReportLog >> test.Test_NavData_JPN > Menu Index: 15
[S]ReportLog >> test.Test_NavData_JPN > Add sub closed menu: テクニカル サポート レポート
[S]ReportLog >> test.Test_NavData_JPN > 'DEVICE' Change sub closed menu >> Tech Support Report
[S]ReportLog >> test.Test_NavData_JPN > Menu Index: 16
[S]ReportLog >> test.Test_NavData_JPN > Add sub closed menu: ネットワーク設定の確認
[S]ReportLog >> test.Test_NavData_JPN > 'DEVICE' Change sub closed menu >> Check Network Settings
[S]ReportLog >> test.Test_NavData_JPN > Menu Index: 17
[S]ReportLog >> test.Test_NavData_JPN > Add sub closed menu: DNS 名の調査
[S]ReportLog >> test.Test_NavData_JPN > 'DEVICE' Change sub closed menu >> DNS Name Lookup
[S]ReportLog >> test.Test_NavData_JPN > Menu Index: 18
[S]ReportLog >> test.Test_NavData_JPN > Add sub closed menu: ネットワーク パス
[S]ReportLog >> test.Test_NavData_JPN > 'DEVICE' Change sub closed menu >> Network Path
[S]ReportLog >> test.Test_NavData_JPN > Menu Index: 19
[S]ReportLog >> test.Test_NavData_JPN > Add sub closed menu: Ping
[S]ReportLog >> test.Test_NavData_JPN > 'DEVICE' Change sub closed menu >> Ping
[S]ReportLog >> test.Test_NavData_JPN > Menu Index: 20
[S]ReportLog >> test.Test_NavData_JPN > Add sub closed menu: ルート追跡
[S]ReportLog >> test.Test_NavData_JPN > 'DEVICE' Change sub closed menu >> Trace Route
[S]ReportLog >> test.Test_NavData_JPN > Menu Index: 21
[S]ReportLog >> test.Test_NavData_JPN > Add sub closed menu: リアルタイム ブラックリスト
[S]ReportLog >> test.Test_NavData_JPN > 'DEVICE' Change sub closed menu >> Real-Time Blacklist
[S]ReportLog >> test.Test_NavData_JPN > Menu Index: 22
[S]ReportLog >> test.Test_NavData_JPN > Add sub closed menu: 逆引き名前調査
[S]ReportLog >> test.Test_NavData_JPN > 'DEVICE' Change sub closed menu >> Reverse Name Lookup
[S]ReportLog >> test.Test_NavData_JPN > Menu Index: 23
[S]ReportLog >> test.Test_NavData_JPN > Add sub closed menu: 上位接続
[S]ReportLog >> test.Test_NavData_JPN > 'DEVICE' Change sub closed menu >> Connection TopX
[S]ReportLog >> test.Test_NavData_JPN > Menu Index: 24
[S]ReportLog >> test.Test_NavData_JPN > Add sub closed menu: 地域とボットネット
[S]ReportLog >> test.Test_NavData_JPN > 'DEVICE' Change sub closed menu >> Geo and Botnet
[S]ReportLog >> test.Test_NavData_JPN > Menu Index: 25
[S]ReportLog >> test.Test_NavData_JPN > Add sub closed menu: MX とバナー
[S]ReportLog >> test.Test_NavData_JPN > 'DEVICE' Change sub closed menu >> MX and Banner
[S]ReportLog >> test.Test_NavData_JPN > Menu Index: 26
[S]ReportLog >> test.Test_NavData_JPN > Add sub closed menu: グリッド確認
[S]ReportLog >> test.Test_NavData_JPN > 'DEVICE' Change sub closed menu >> GRID Check
[S]ReportLog >> test.Test_NavData_JPN > Menu Index: 27
[S]ReportLog >> test.Test_NavData_JPN > Add sub closed menu: URL 格付け要求
[S]ReportLog >> test.Test_NavData_JPN > 'DEVICE' Change sub closed menu >> URL Rating Request
[S]ReportLog >> test.Test_NavData_JPN > Menu Index: 28
[S]ReportLog >> test.Test_NavData_JPN > Add sub closed menu: PMTU 検出
[S]ReportLog >> test.Test_NavData_JPN > 'DEVICE' Change sub closed menu >> PMTU Discovery
[S]ReportLog >> test.Test_NavData_JPN > Menu Index: 29
[S]ReportLog >> test.Test_NavData_JPN > Add sub closed menu: スイッチ診断
[S]ReportLog >> test.Test_NavData_JPN > 'DEVICE' Change sub closed menu >> Switch Diagnostics
[S]ReportLog >> test.Test_NavData_JPN > >>>>>>>>>>>>>>>>>>>
[S]ReportLog >> test.Test_NavData_JPN > ログ is clicked!
[S]ReportLog >> test.Test_NavData_JPN > 'DEVICE' sub-menu ログ total: 6
[S]ReportLog >> test.Test_NavData_JPN > Menu Index: 13
[S]ReportLog >> test.Test_NavData_JPN > Add sub closed menu: ログ
[S]ReportLog >> test.Test_NavData_JPN > 'DEVICE' Change sub closed menu >> Log
[S]ReportLog >> test.Test_NavData_JPN > Menu Index: 14
[S]ReportLog >> test.Test_NavData_JPN > Add sub closed menu: 設定
[S]ReportLog >> test.Test_NavData_JPN > 'DEVICE' Change sub closed menu >> Settings
[S]ReportLog >> test.Test_NavData_JPN > Menu Index: 15
[S]ReportLog >> test.Test_NavData_JPN > Add sub closed menu: Syslog
[S]ReportLog >> test.Test_NavData_JPN > 'DEVICE' Change sub closed menu >> Syslog
[S]ReportLog >> test.Test_NavData_JPN > Menu Index: 16
[S]ReportLog >> test.Test_NavData_JPN > Add sub closed menu: 自動化
[S]ReportLog >> test.Test_NavData_JPN > 'DEVICE' Change sub closed menu >> Automation
[S]ReportLog >> test.Test_NavData_JPN > Menu Index: 17
[S]ReportLog >> test.Test_NavData_JPN > Add sub closed menu: 名前解決
[S]ReportLog >> test.Test_NavData_JPN > 'DEVICE' Change sub closed menu >> Name Resolution
[S]ReportLog >> test.Test_NavData_JPN > Menu Index: 18
[S]ReportLog >> test.Test_NavData_JPN > Add sub closed menu: レポート
[S]ReportLog >> test.Test_NavData_JPN > 'DEVICE' Change sub closed menu >> Reports
[S]ReportLog >> test.Test_NavData_JPN > Menu Index: 19
[S]ReportLog >> test.Test_NavData_JPN > Add sub closed menu: AWS
[S]ReportLog >> test.Test_NavData_JPN > 'DEVICE' Change sub closed menu >> AWS
[S]ReportLog >> test.Test_NavData_JPN > >>>>>>>>>>>>>>>>>>>
[S]ReportLog >> test.Test_NavData_JPN > AppFlow is clicked!
[S]ReportLog >> test.Test_NavData_JPN > 'DEVICE' sub-menu AppFlow total: 2
[S]ReportLog >> test.Test_NavData_JPN > Menu Index: 12
[S]ReportLog >> test.Test_NavData_JPN > Add sub closed menu: AppFlow
[S]ReportLog >> test.Test_NavData_JPN > 'DEVICE' Change sub closed menu >> AppFlow
[S]ReportLog >> test.Test_NavData_JPN > Menu Index: 13
[S]ReportLog >> test.Test_NavData_JPN > Add sub closed menu: フロー報告
[S]ReportLog >> test.Test_NavData_JPN > 'DEVICE' Change sub closed menu >> Flow Reporting
[S]ReportLog >> test.Test_NavData_JPN > Menu Index: 14
[S]ReportLog >> test.Test_NavData_JPN > Add sub closed menu: AppFlow エージェント
[S]ReportLog >> test.Test_NavData_JPN > 'DEVICE' Change sub closed menu >> AppFlow Agent
[S]ReportLog >> test.Test_NavData_JPN > >>>>>>>>>>>>>>>>>>>
[S]ReportLog >> test.Test_NavData_JPN > ユーザ is clicked!
[S]ReportLog >> test.Test_NavData_JPN > 'DEVICE' sub-menu ユーザ total: 6
[S]ReportLog >> test.Test_NavData_JPN > Menu Index: 11
[S]ReportLog >> test.Test_NavData_JPN > Add sub closed menu: ユーザ
[S]ReportLog >> test.Test_NavData_JPN > 'DEVICE' Change sub closed menu >> Users
[S]ReportLog >> test.Test_NavData_JPN > Menu Index: 12
[S]ReportLog >> test.Test_NavData_JPN > Add sub closed menu: 状況
[S]ReportLog >> test.Test_NavData_JPN > 'DEVICE' Change sub closed menu >> Status
[S]ReportLog >> test.Test_NavData_JPN > Menu Index: 13
[S]ReportLog >> test.Test_NavData_JPN > Add sub closed menu: 設定
[S]ReportLog >> test.Test_NavData_JPN > 'DEVICE' Change sub closed menu >> Settings
[S]ReportLog >> test.Test_NavData_JPN > Menu Index: 14
[S]ReportLog >> test.Test_NavData_JPN > Add sub closed menu: ローカル ユーザとグループ
[S]ReportLog >> test.Test_NavData_JPN > 'DEVICE' Change sub closed menu >> Local Users & Groups
[S]ReportLog >> test.Test_NavData_JPN > Menu Index: 15
[S]ReportLog >> test.Test_NavData_JPN > Add sub closed menu: ゲスト サービス
[S]ReportLog >> test.Test_NavData_JPN > 'DEVICE' Change sub closed menu >> Guest Services
[S]ReportLog >> test.Test_NavData_JPN > Menu Index: 16
[S]ReportLog >> test.Test_NavData_JPN > Add sub closed menu: ゲスト アカウント
[S]ReportLog >> test.Test_NavData_JPN > 'DEVICE' Change sub closed menu >> Guest Accounts
[S]ReportLog >> test.Test_NavData_JPN > Menu Index: 17
[S]ReportLog >> test.Test_NavData_JPN > Add sub closed menu: ゲスト状況
[S]ReportLog >> test.Test_NavData_JPN > 'DEVICE' Change sub closed menu >> Guest Status
[S]ReportLog >> test.Test_NavData_JPN > >>>>>>>>>>>>>>>>>>>
[S]ReportLog >> test.Test_NavData_JPN > 高可用性 is clicked!
[S]ReportLog >> test.Test_NavData_JPN > 'DEVICE' sub-menu 高可用性 total: 4
[S]ReportLog >> test.Test_NavData_JPN > Menu Index: 10
[S]ReportLog >> test.Test_NavData_JPN > Add sub closed menu: 高可用性
[S]ReportLog >> test.Test_NavData_JPN > 'DEVICE' Change sub closed menu >> High Availability
[S]ReportLog >> test.Test_NavData_JPN > Menu Index: 11
[S]ReportLog >> test.Test_NavData_JPN > Add sub closed menu: 状況
[S]ReportLog >> test.Test_NavData_JPN > 'DEVICE' Change sub closed menu >> Status
[S]ReportLog >> test.Test_NavData_JPN > Menu Index: 12
[S]ReportLog >> test.Test_NavData_JPN > Add sub closed menu: 設定
[S]ReportLog >> test.Test_NavData_JPN > 'DEVICE' Change sub closed menu >> Settings
[S]ReportLog >> test.Test_NavData_JPN > Menu Index: 13
[S]ReportLog >> test.Test_NavData_JPN > Add sub closed menu: 詳細
[S]ReportLog >> test.Test_NavData_JPN > 'DEVICE' Change sub closed menu >> Advanced
[S]ReportLog >> test.Test_NavData_JPN > Menu Index: 14
[S]ReportLog >> test.Test_NavData_JPN > Add sub closed menu: 監視
[S]ReportLog >> test.Test_NavData_JPN > 'DEVICE' Change sub closed menu >> Monitoring
[S]ReportLog >> test.Test_NavData_JPN > >>>>>>>>>>>>>>>>>>>
[S]ReportLog >> test.Test_NavData_JPN > 内部無線 is clicked!
[S]ReportLog >> test.Test_NavData_JPN > 'DEVICE' sub-menu 内部無線 total: 7
[S]ReportLog >> test.Test_NavData_JPN > Menu Index: 9
[S]ReportLog >> test.Test_NavData_JPN > Add sub closed menu: 内部無線
[S]ReportLog >> test.Test_NavData_JPN > 'DEVICE' Change sub closed menu >> Internal Wireless
[S]ReportLog >> test.Test_NavData_JPN > Menu Index: 10
[S]ReportLog >> test.Test_NavData_JPN > Add sub closed menu: 状況
[S]ReportLog >> test.Test_NavData_JPN > 'DEVICE' Change sub closed menu >> Status
[S]ReportLog >> test.Test_NavData_JPN > Menu Index: 11
[S]ReportLog >> test.Test_NavData_JPN > Add sub closed menu: 設定
[S]ReportLog >> test.Test_NavData_JPN > 'DEVICE' Change sub closed menu >> Settings
[S]ReportLog >> test.Test_NavData_JPN > Menu Index: 12
[S]ReportLog >> test.Test_NavData_JPN > Add sub closed menu: セキュリティ
[S]ReportLog >> test.Test_NavData_JPN > 'DEVICE' Change sub closed menu >> Security
[S]ReportLog >> test.Test_NavData_JPN > Menu Index: 13
[S]ReportLog >> test.Test_NavData_JPN > Add sub closed menu: 詳細
[S]ReportLog >> test.Test_NavData_JPN > 'DEVICE' Change sub closed menu >> Advanced
[S]ReportLog >> test.Test_NavData_JPN > Menu Index: 14
[S]ReportLog >> test.Test_NavData_JPN > Add sub closed menu: MAC フィルタ リスト
[S]ReportLog >> test.Test_NavData_JPN > 'DEVICE' Change sub closed menu >> MAC Filter List
[S]ReportLog >> test.Test_NavData_JPN > Menu Index: 15
[S]ReportLog >> test.Test_NavData_JPN > Add sub closed menu: IDS
[S]ReportLog >> test.Test_NavData_JPN > 'DEVICE' Change sub closed menu >> IDS
[S]ReportLog >> test.Test_NavData_JPN > Menu Index: 16
[S]ReportLog >> test.Test_NavData_JPN > Add sub closed menu: 仮想アクセス ポイント
[S]ReportLog >> test.Test_NavData_JPN > 'DEVICE' Change sub closed menu >> Virtual Access Point
[S]ReportLog >> test.Test_NavData_JPN > +++++++++++++++++++++++++++++++++++++++++++++++++
[S]ReportLog >> test.Test_NavData_JPN > Add top opened menu: 設定
[S]ReportLog >> test.Test_NavData_JPN > 'DEVICE' Change sub closed menu >> Settings
[S]ReportLog >> test.Test_NavData_JPN > Add top opened menu: ライセンス
[S]ReportLog >> test.Test_NavData_JPN > 'DEVICE' Change sub closed menu >> Licenses
[S]ReportLog >> test.Test_NavData_JPN > Add top opened menu: 管理
[S]ReportLog >> test.Test_NavData_JPN > 'DEVICE' Change sub closed menu >> Administration
[S]ReportLog >> test.Test_NavData_JPN > Add top opened menu: 時間
[S]ReportLog >> test.Test_NavData_JPN > 'DEVICE' Change sub closed menu >> Time
[S]ReportLog >> test.Test_NavData_JPN > Add top opened menu: 証明書
[S]ReportLog >> test.Test_NavData_JPN > 'DEVICE' Change sub closed menu >> Certificates
[S]ReportLog >> test.Test_NavData_JPN > Add top opened menu: SNMP
[S]ReportLog >> test.Test_NavData_JPN > 'DEVICE' Change sub closed menu >> SNMP
[S]ReportLog >> test.Test_NavData_JPN > Add top opened menu: ファームウェアと設定
[S]ReportLog >> test.Test_NavData_JPN > 'DEVICE' Change sub closed menu >> Firmware and Settings
[S]ReportLog >> test.Test_NavData_JPN > Add top opened menu: 記憶装置
[S]ReportLog >> test.Test_NavData_JPN > 'DEVICE' Change sub closed menu >> Storage
[S]ReportLog >> test.Test_NavData_JPN > Add top opened menu: 再起動
[S]ReportLog >> test.Test_NavData_JPN > 'DEVICE' Change sub closed menu >> Restart
[S]ReportLog >> test.Test_NavData_JPN > @@@@@@@@@@@@@@@@@@@@@@@@@@@@@@@@@@@@@@@@@@@@@@@@@
[S]ReportLog >> test.Test_NavData_JPN > MENU: WWAN
[S]ReportLog >> test.Test_NavData_JPN > MENU: Access Points
[S]ReportLog >> test.Test_NavData_JPN > MENU: Settings
[S]ReportLog >> test.Test_NavData_JPN > MENU: Firmware Management
[S]ReportLog >> test.Test_NavData_JPN > MENU: Floor Plan View
[S]ReportLog >> test.Test_NavData_JPN > MENU: Station Status
[S]ReportLog >> test.Test_NavData_JPN > MENU: IDS
[S]ReportLog >> test.Test_NavData_JPN > MENU: Advanced IDP
[S]ReportLog >> test.Test_NavData_JPN > MENU: Packet Capture
[S]ReportLog >> test.Test_NavData_JPN > MENU: Virtual Access Point
[S]ReportLog >> test.Test_NavData_JPN > MENU: RF Monitoring
[S]ReportLog >> test.Test_NavData_JPN > MENU: RF Analysis
[S]ReportLog >> test.Test_NavData_JPN > MENU: RF Spectrum
[S]ReportLog >> test.Test_NavData_JPN > MENU: FairNet
[S]ReportLog >> test.Test_NavData_JPN > MENU: Wi-Fi Multimedia
[S]ReportLog >> test.Test_NavData_JPN > MENU: 3G/4G/LTE WWAN
[S]ReportLog >> test.Test_NavData_JPN > MENU: Bluetooth LE
[S]ReportLog >> test.Test_NavData_JPN > MENU: Radio Management
[S]ReportLog >> test.Test_NavData_JPN > MENU: Switch Network
[S]ReportLog >> test.Test_NavData_JPN > MENU: Overview
[S]ReportLog >> test.Test_NavData_JPN > MENU: Switches
[S]ReportLog >> test.Test_NavData_JPN > MENU: Diagnostics
[S]ReportLog >> test.Test_NavData_JPN > MENU: Tech Support Report
[S]ReportLog >> test.Test_NavData_JPN > MENU: Check Network Settings
[S]ReportLog >> test.Test_NavData_JPN > MENU: DNS Name Lookup
[S]ReportLog >> test.Test_NavData_JPN > MENU: Network Path
[S]ReportLog >> test.Test_NavData_JPN > MENU: Ping
[S]ReportLog >> test.Test_NavData_JPN > MENU: Trace Route
[S]ReportLog >> test.Test_NavData_JPN > MENU: Real-Time Blacklist
[S]ReportLog >> test.Test_NavData_JPN > MENU: Reverse Name Lookup
[S]ReportLog >> test.Test_NavData_JPN > MENU: Connection TopX
[S]ReportLog >> test.Test_NavData_JPN > MENU: Geo and Botnet
[S]ReportLog >> test.Test_NavData_JPN > MENU: MX and Banner
[S]ReportLog >> test.Test_NavData_JPN > MENU: GRID Check
[S]ReportLog >> test.Test_NavData_JPN > MENU: URL Rating Request
[S]ReportLog >> test.Test_NavData_JPN > MENU: PMTU Discovery
[S]ReportLog >> test.Test_NavData_JPN > MENU: Switch Diagnostics
[S]ReportLog >> test.Test_NavData_JPN > MENU: Log
[S]ReportLog >> test.Test_NavData_JPN > MENU: Settings
[S]ReportLog >> test.Test_NavData_JPN > MENU: Syslog
[S]ReportLog >> test.Test_NavData_JPN > MENU: Automation
[S]ReportLog >> test.Test_NavData_JPN > MENU: Name Resolution
[S]ReportLog >> test.Test_NavData_JPN > MENU: Reports
[S]ReportLog >> test.Test_NavData_JPN > MENU: AWS
[S]ReportLog >> test.Test_NavData_JPN > MENU: AppFlow
[S]ReportLog >> test.Test_NavData_JPN > MENU: Flow Reporting
[S]ReportLog >> test.Test_NavData_JPN > MENU: AppFlow Agent
[S]ReportLog >> test.Test_NavData_JPN > MENU: Users
[S]ReportLog >> test.Test_NavData_JPN > MENU: Status
[S]ReportLog >> test.Test_NavData_JPN > MENU: Settings
[S]ReportLog >> test.Test_NavData_JPN > MENU: Local Users & Groups
[S]ReportLog >> test.Test_NavData_JPN > MENU: Guest Services
[S]ReportLog >> test.Test_NavData_JPN > MENU: Guest Accounts
[S]ReportLog >> test.Test_NavData_JPN > MENU: Guest Status
[S]ReportLog >> test.Test_NavData_JPN > MENU: High Availability
[S]ReportLog >> test.Test_NavData_JPN > MENU: Status
[S]ReportLog >> test.Test_NavData_JPN > MENU: Settings
[S]ReportLog >> test.Test_NavData_JPN > MENU: Advanced
[S]ReportLog >> test.Test_NavData_JPN > MENU: Monitoring
[S]ReportLog >> test.Test_NavData_JPN > MENU: Internal Wireless
[S]ReportLog >> test.Test_NavData_JPN > MENU: Status
[S]ReportLog >> test.Test_NavData_JPN > MENU: Settings
[S]ReportLog >> test.Test_NavData_JPN > MENU: Security
[S]ReportLog >> test.Test_NavData_JPN > MENU: Advanced
[S]ReportLog >> test.Test_NavData_JPN > MENU: MAC Filter List
[S]ReportLog >> test.Test_NavData_JPN > MENU: IDS
[S]ReportLog >> test.Test_NavData_JPN > MENU: Virtual Access Point
[S]ReportLog >> test.Test_NavData_JPN > MENU: Settings (TOP)
[S]ReportLog >> test.Test_NavData_JPN > MENU: Licenses
[S]ReportLog >> test.Test_NavData_JPN > MENU: Administration
[S]ReportLog >> test.Test_NavData_JPN > MENU: Time
[S]ReportLog >> test.Test_NavData_JPN > MENU: Certificates
[S]ReportLog >> test.Test_NavData_JPN > MENU: SNMP
[S]ReportLog >> test.Test_NavData_JPN > MENU: Firmware and Settings
[S]ReportLog >> test.Test_NavData_JPN > MENU: Storage
[S]ReportLog >> test.Test_NavData_JPN > MENU: Restart
[S]ReportLog >> test.Test_NavData_JPN > ALL MENU: 76
[S]ReportLog >> test_Step02_MenuTop_JPN > Data updated!
[S]ReportLog >> test_Step02_MenuTop_JPN > Top menu 'DEVICE' is done!
[S]ReportLog >> test.Test_NavData_JPN > 'NETWORK' has sub closed menu (6). Please wait...
[S]ReportLog >> test.Test_NavData_JPN > ファイアウォール
[S]ReportLog >> test.Test_NavData_JPN > VoIP
[S]ReportLog >> test.Test_NavData_JPN > DNS
[S]ReportLog >> test.Test_NavData_JPN > SDWAN
[S]ReportLog >> test.Test_NavData_JPN > IPSec VPN
[S]ReportLog >> test.Test_NavData_JPN > SSL VPN
[S]ReportLog >> test.Test_NavData_JPN > *************************************************
[S]ReportLog >> test.Test_NavData_JPN > >>>>>>>>>>>>>>>>>>>
[S]ReportLog >> test.Test_NavData_JPN > SSL VPN is clicked!
[S]ReportLog >> test.Test_NavData_JPN > 'NETWORK' sub-menu SSL VPN total: 5
[S]ReportLog >> test.Test_NavData_JPN > Menu Index: 20
[S]ReportLog >> test.Test_NavData_JPN > Add sub closed menu: SSL VPN
[S]ReportLog >> test.Test_NavData_JPN > 'NETWORK' Change sub closed menu >> SSL VPN
[S]ReportLog >> test.Test_NavData_JPN > Menu Index: 21
[S]ReportLog >> test.Test_NavData_JPN > Add sub closed menu: 状況
[S]ReportLog >> test.Test_NavData_JPN > 'NETWORK' Change sub closed menu >> Status
[S]ReportLog >> test.Test_NavData_JPN > Menu Index: 22
[S]ReportLog >> test.Test_NavData_JPN > Add sub closed menu: サーバ設定
[S]ReportLog >> test.Test_NavData_JPN > 'NETWORK' Change sub closed menu >> Server Settings
[S]ReportLog >> test.Test_NavData_JPN > Menu Index: 23
[S]ReportLog >> test.Test_NavData_JPN > Add sub closed menu: クライアント設定
[S]ReportLog >> test.Test_NavData_JPN > 'NETWORK' Change sub closed menu >> Client Settings
[S]ReportLog >> test.Test_NavData_JPN > Menu Index: 24
[S]ReportLog >> test.Test_NavData_JPN > Add sub closed menu: ポータル設定
[S]ReportLog >> test.Test_NavData_JPN > 'NETWORK' Change sub closed menu >> Portal Settings
[S]ReportLog >> test.Test_NavData_JPN > Menu Index: 25
[S]ReportLog >> test.Test_NavData_JPN > Add sub closed menu: 仮想オフィス
[S]ReportLog >> test.Test_NavData_JPN > 'NETWORK' Change sub closed menu >> Virtual Office
[S]ReportLog >> test.Test_NavData_JPN > >>>>>>>>>>>>>>>>>>>
[S]ReportLog >> test.Test_NavData_JPN > IPSec VPN is clicked!
[S]ReportLog >> test.Test_NavData_JPN > 'NETWORK' sub-menu IPSec VPN total: 5
[S]ReportLog >> test.Test_NavData_JPN > Menu Index: 19
[S]ReportLog >> test.Test_NavData_JPN > Add sub closed menu: IPSec VPN
[S]ReportLog >> test.Test_NavData_JPN > 'NETWORK' Change sub closed menu >> IPSec VPN
[S]ReportLog >> test.Test_NavData_JPN > Menu Index: 20
[S]ReportLog >> test.Test_NavData_JPN > Add sub closed menu: ルールと設定
[S]ReportLog >> test.Test_NavData_JPN > 'NETWORK' Change sub closed menu >> Rules and Settings
[S]ReportLog >> test.Test_NavData_JPN > Menu Index: 21
[S]ReportLog >> test.Test_NavData_JPN > Add sub closed menu: 詳細
[S]ReportLog >> test.Test_NavData_JPN > 'NETWORK' Change sub closed menu >> Advanced
[S]ReportLog >> test.Test_NavData_JPN > Menu Index: 22
[S]ReportLog >> test.Test_NavData_JPN > Add sub closed menu: VPN を越えた DHCP
[S]ReportLog >> test.Test_NavData_JPN > 'NETWORK' Change sub closed menu >> DHCP over VPN
[S]ReportLog >> test.Test_NavData_JPN > Menu Index: 23
[S]ReportLog >> test.Test_NavData_JPN > Add sub closed menu: L2TP サーバ
[S]ReportLog >> test.Test_NavData_JPN > 'NETWORK' Change sub closed menu >> L2TP Server
[S]ReportLog >> test.Test_NavData_JPN > Menu Index: 24
[S]ReportLog >> test.Test_NavData_JPN > Add sub closed menu: AWS VPN
[S]ReportLog >> test.Test_NavData_JPN > 'NETWORK' Change sub closed menu >> AWS VPN
[S]ReportLog >> test.Test_NavData_JPN > >>>>>>>>>>>>>>>>>>>
[S]ReportLog >> test.Test_NavData_JPN > SDWAN is clicked!
[S]ReportLog >> test.Test_NavData_JPN > 'NETWORK' sub-menu SDWAN total: 5
[S]ReportLog >> test.Test_NavData_JPN > Menu Index: 18
[S]ReportLog >> test.Test_NavData_JPN > Add sub closed menu: SDWAN
[S]ReportLog >> test.Test_NavData_JPN > 'NETWORK' Change sub closed menu >> SDWAN
[S]ReportLog >> test.Test_NavData_JPN > Menu Index: 19
[S]ReportLog >> test.Test_NavData_JPN > Add sub closed menu: グループ
[S]ReportLog >> test.Test_NavData_JPN > 'NETWORK' Change sub closed menu >> Groups
[S]ReportLog >> test.Test_NavData_JPN > Menu Index: 20
[S]ReportLog >> test.Test_NavData_JPN > Add sub closed menu: SLA プローブ
[S]ReportLog >> test.Test_NavData_JPN > 'NETWORK' Change sub closed menu >> SLA Probes
[S]ReportLog >> test.Test_NavData_JPN > Menu Index: 21
[S]ReportLog >> test.Test_NavData_JPN > Add sub closed menu: SLA クラス オブジェクト
[S]ReportLog >> test.Test_NavData_JPN > 'NETWORK' Change sub closed menu >> SLA Class Objects
[S]ReportLog >> test.Test_NavData_JPN > Menu Index: 22
[S]ReportLog >> test.Test_NavData_JPN > Add sub closed menu: パス選択プロファイル
[S]ReportLog >> test.Test_NavData_JPN > 'NETWORK' Change sub closed menu >> Path Selection Profiles
[S]ReportLog >> test.Test_NavData_JPN > Menu Index: 23
[S]ReportLog >> test.Test_NavData_JPN > Add sub closed menu: ルール
[S]ReportLog >> test.Test_NavData_JPN > 'NETWORK' Change sub closed menu >> Rules
[S]ReportLog >> test.Test_NavData_JPN > >>>>>>>>>>>>>>>>>>>
[S]ReportLog >> test.Test_NavData_JPN > DNS is clicked!
[S]ReportLog >> test.Test_NavData_JPN > 'NETWORK' sub-menu DNS total: 4
[S]ReportLog >> test.Test_NavData_JPN > Menu Index: 17
[S]ReportLog >> test.Test_NavData_JPN > Add sub closed menu: DNS
[S]ReportLog >> test.Test_NavData_JPN > 'NETWORK' Change sub closed menu >> DNS
[S]ReportLog >> test.Test_NavData_JPN > Menu Index: 18
[S]ReportLog >> test.Test_NavData_JPN > Add sub closed menu: 設定
[S]ReportLog >> test.Test_NavData_JPN > 'NETWORK' Change sub closed menu >> Settings
[S]ReportLog >> test.Test_NavData_JPN > Menu Index: 19
[S]ReportLog >> test.Test_NavData_JPN > Add sub closed menu: 動的 DNS
[S]ReportLog >> test.Test_NavData_JPN > 'NETWORK' Change sub closed menu >> Dynamic DNS
[S]ReportLog >> test.Test_NavData_JPN > Menu Index: 20
[S]ReportLog >> test.Test_NavData_JPN > Add sub closed menu: DNS プロキシ
[S]ReportLog >> test.Test_NavData_JPN > 'NETWORK' Change sub closed menu >> DNS Proxy
[S]ReportLog >> test.Test_NavData_JPN > Menu Index: 21
[S]ReportLog >> test.Test_NavData_JPN > Add sub closed menu: DNS セキュリティ
[S]ReportLog >> test.Test_NavData_JPN > 'NETWORK' Change sub closed menu >> DNS Security
[S]ReportLog >> test.Test_NavData_JPN > >>>>>>>>>>>>>>>>>>>
[S]ReportLog >> test.Test_NavData_JPN > VoIP is clicked!
[S]ReportLog >> test.Test_NavData_JPN > 'NETWORK' sub-menu VoIP total: 2
[S]ReportLog >> test.Test_NavData_JPN > Menu Index: 16
[S]ReportLog >> test.Test_NavData_JPN > Add sub closed menu: VoIP
[S]ReportLog >> test.Test_NavData_JPN > 'NETWORK' Change sub closed menu >> VoIP
[S]ReportLog >> test.Test_NavData_JPN > Menu Index: 17
[S]ReportLog >> test.Test_NavData_JPN > Add sub closed menu: 設定
[S]ReportLog >> test.Test_NavData_JPN > 'NETWORK' Change sub closed menu >> Settings
[S]ReportLog >> test.Test_NavData_JPN > Menu Index: 18
[S]ReportLog >> test.Test_NavData_JPN > Add sub closed menu: 通話状況
[S]ReportLog >> test.Test_NavData_JPN > 'NETWORK' Change sub closed menu >> Call Status
[S]ReportLog >> test.Test_NavData_JPN > >>>>>>>>>>>>>>>>>>>
[S]ReportLog >> test.Test_NavData_JPN > ファイアウォール is clicked!
[S]ReportLog >> test.Test_NavData_JPN > 'NETWORK' sub-menu ファイアウォール total: 5
[S]ReportLog >> test.Test_NavData_JPN > Menu Index: 15
[S]ReportLog >> test.Test_NavData_JPN > Add sub closed menu: ファイアウォール
[S]ReportLog >> test.Test_NavData_JPN > 'NETWORK' Change sub closed menu >> Firewall
[S]ReportLog >> test.Test_NavData_JPN > Menu Index: 16
[S]ReportLog >> test.Test_NavData_JPN > Add sub closed menu: 詳細
[S]ReportLog >> test.Test_NavData_JPN > 'NETWORK' Change sub closed menu >> Advanced
[S]ReportLog >> test.Test_NavData_JPN > Menu Index: 17
[S]ReportLog >> test.Test_NavData_JPN > Add sub closed menu: フラッド防御
[S]ReportLog >> test.Test_NavData_JPN > 'NETWORK' Change sub closed menu >> Flood Protection
[S]ReportLog >> test.Test_NavData_JPN > Menu Index: 18
[S]ReportLog >> test.Test_NavData_JPN > Add sub closed menu: SSL 制御
[S]ReportLog >> test.Test_NavData_JPN > 'NETWORK' Change sub closed menu >> SSL Control
[S]ReportLog >> test.Test_NavData_JPN > Menu Index: 19
[S]ReportLog >> test.Test_NavData_JPN > Add sub closed menu: 暗号化制御
[S]ReportLog >> test.Test_NavData_JPN > 'NETWORK' Change sub closed menu >> Cipher Control
[S]ReportLog >> test.Test_NavData_JPN > Menu Index: 20
[S]ReportLog >> test.Test_NavData_JPN > Add sub closed menu: RBL フィルタ
[S]ReportLog >> test.Test_NavData_JPN > 'NETWORK' Change sub closed menu >> RBL Filter
[S]ReportLog >> test.Test_NavData_JPN > +++++++++++++++++++++++++++++++++++++++++++++++++
[S]ReportLog >> test.Test_NavData_JPN > Add top opened menu: システム
[S]ReportLog >> test.Test_NavData_JPN > 'NETWORK' Change sub closed menu >> System
[S]ReportLog >> test.Test_NavData_JPN > Add top opened menu: インターフェース
[S]ReportLog >> test.Test_NavData_JPN > 'NETWORK' Change sub closed menu >> Interfaces
[S]ReportLog >> test.Test_NavData_JPN > Add top opened menu: フェイルオーバーと負荷分散
[S]ReportLog >> test.Test_NavData_JPN > 'NETWORK' Change sub closed menu >> Failover & LB
[S]ReportLog >> test.Test_NavData_JPN > Add top opened menu: 近隣者検出
[S]ReportLog >> test.Test_NavData_JPN > 'NETWORK' Change sub closed menu >> Neighbor Discovery
[S]ReportLog >> test.Test_NavData_JPN > Add top opened menu: ARP
[S]ReportLog >> test.Test_NavData_JPN > 'NETWORK' Change sub closed menu >> ARP
[S]ReportLog >> test.Test_NavData_JPN > Add top opened menu: MAC IP アンチスプーフ
[S]ReportLog >> test.Test_NavData_JPN > 'NETWORK' Change sub closed menu >> MAC IP Anti-Spoof
[S]ReportLog >> test.Test_NavData_JPN > Add top opened menu: ウェブ プロキシ
[S]ReportLog >> test.Test_NavData_JPN > 'NETWORK' Change sub closed menu >> Web Proxy
[S]ReportLog >> test.Test_NavData_JPN > Add top opened menu: PortShield グループ
[S]ReportLog >> test.Test_NavData_JPN > 'NETWORK' Change sub closed menu >> PortShield Groups
[S]ReportLog >> test.Test_NavData_JPN > Add top opened menu: VLAN 変換
[S]ReportLog >> test.Test_NavData_JPN > 'NETWORK' Change sub closed menu >> VLAN Translation
[S]ReportLog >> test.Test_NavData_JPN > Add top opened menu: IP ヘルパー
[S]ReportLog >> test.Test_NavData_JPN > 'NETWORK' Change sub closed menu >> IP Helper
[S]ReportLog >> test.Test_NavData_JPN > Add top opened menu: 動的ルーティング
[S]ReportLog >> test.Test_NavData_JPN > 'NETWORK' Change sub closed menu >> Dynamic Routing
[S]ReportLog >> test.Test_NavData_JPN > Add top opened menu: DHCP サーバ
[S]ReportLog >> test.Test_NavData_JPN > 'NETWORK' Change sub closed menu >> DHCP Server
[S]ReportLog >> test.Test_NavData_JPN > Add top opened menu: マルチキャスト
[S]ReportLog >> test.Test_NavData_JPN > 'NETWORK' Change sub closed menu >> Multicast
[S]ReportLog >> test.Test_NavData_JPN > Add top opened menu: ネットワーク監視
[S]ReportLog >> test.Test_NavData_JPN > 'NETWORK' Change sub closed menu >> Network Monitor
[S]ReportLog >> test.Test_NavData_JPN > Add top opened menu: AWS 設定
[S]ReportLog >> test.Test_NavData_JPN > 'NETWORK' Change sub closed menu >> AWS Configuration
[S]ReportLog >> test.Test_NavData_JPN > @@@@@@@@@@@@@@@@@@@@@@@@@@@@@@@@@@@@@@@@@@@@@@@@@
[S]ReportLog >> test.Test_NavData_JPN > MENU: SSL VPN
[S]ReportLog >> test.Test_NavData_JPN > MENU: Status
[S]ReportLog >> test.Test_NavData_JPN > MENU: Server Settings
[S]ReportLog >> test.Test_NavData_JPN > MENU: Client Settings
[S]ReportLog >> test.Test_NavData_JPN > MENU: Portal Settings
[S]ReportLog >> test.Test_NavData_JPN > MENU: Virtual Office
[S]ReportLog >> test.Test_NavData_JPN > MENU: IPSec VPN
[S]ReportLog >> test.Test_NavData_JPN > MENU: Rules and Settings
[S]ReportLog >> test.Test_NavData_JPN > MENU: Advanced
[S]ReportLog >> test.Test_NavData_JPN > MENU: DHCP over VPN
[S]ReportLog >> test.Test_NavData_JPN > MENU: L2TP Server
[S]ReportLog >> test.Test_NavData_JPN > MENU: AWS VPN
[S]ReportLog >> test.Test_NavData_JPN > MENU: SDWAN
[S]ReportLog >> test.Test_NavData_JPN > MENU: Groups
[S]ReportLog >> test.Test_NavData_JPN > MENU: SLA Probes
[S]ReportLog >> test.Test_NavData_JPN > MENU: SLA Class Objects
[S]ReportLog >> test.Test_NavData_JPN > MENU: Path Selection Profiles
[S]ReportLog >> test.Test_NavData_JPN > MENU: Rules
[S]ReportLog >> test.Test_NavData_JPN > MENU: DNS
[S]ReportLog >> test.Test_NavData_JPN > MENU: Settings
[S]ReportLog >> test.Test_NavData_JPN > MENU: Dynamic DNS
[S]ReportLog >> test.Test_NavData_JPN > MENU: DNS Proxy
[S]ReportLog >> test.Test_NavData_JPN > MENU: DNS Security
[S]ReportLog >> test.Test_NavData_JPN > MENU: VoIP
[S]ReportLog >> test.Test_NavData_JPN > MENU: Settings
[S]ReportLog >> test.Test_NavData_JPN > MENU: Call Status
[S]ReportLog >> test.Test_NavData_JPN > MENU: Firewall
[S]ReportLog >> test.Test_NavData_JPN > MENU: Advanced
[S]ReportLog >> test.Test_NavData_JPN > MENU: Flood Protection
[S]ReportLog >> test.Test_NavData_JPN > MENU: SSL Control
[S]ReportLog >> test.Test_NavData_JPN > MENU: Cipher Control
[S]ReportLog >> test.Test_NavData_JPN > MENU: RBL Filter
[S]ReportLog >> test.Test_NavData_JPN > MENU: System
[S]ReportLog >> test.Test_NavData_JPN > MENU: Interfaces
[S]ReportLog >> test.Test_NavData_JPN > MENU: Failover & LB
[S]ReportLog >> test.Test_NavData_JPN > MENU: Neighbor Discovery
[S]ReportLog >> test.Test_NavData_JPN > MENU: ARP
[S]ReportLog >> test.Test_NavData_JPN > MENU: MAC IP Anti-Spoof
[S]ReportLog >> test.Test_NavData_JPN > MENU: Web Proxy
[S]ReportLog >> test.Test_NavData_JPN > MENU: PortShield Groups
[S]ReportLog >> test.Test_NavData_JPN > MENU: VLAN Translation
[S]ReportLog >> test.Test_NavData_JPN > MENU: IP Helper
[S]ReportLog >> test.Test_NavData_JPN > MENU: Dynamic Routing
[S]ReportLog >> test.Test_NavData_JPN > MENU: DHCP Server
[S]ReportLog >> test.Test_NavData_JPN > MENU: Multicast
[S]ReportLog >> test.Test_NavData_JPN > MENU: Network Monitor
[S]ReportLog >> test.Test_NavData_JPN > MENU: AWS Configuration
[S]ReportLog >> test.Test_NavData_JPN > ALL MENU: 47
[S]ReportLog >> test_Step02_MenuTop_JPN > Data updated!
[S]ReportLog >> test_Step02_MenuTop_JPN > Top menu 'NETWORK' is done!
[S]ReportLog >> test.Test_NavData_JPN > 'OBJECT' has sub closed menu (2). Please wait...
[S]ReportLog >> test.Test_NavData_JPN > プロファイル オブジェクト
[S]ReportLog >> test.Test_NavData_JPN > 動作オブジェクト
[S]ReportLog >> test.Test_NavData_JPN > *************************************************
[S]ReportLog >> test.Test_NavData_JPN > >>>>>>>>>>>>>>>>>>>
[S]ReportLog >> test.Test_NavData_JPN > 動作オブジェクト is clicked!
[S]ReportLog >> test.Test_NavData_JPN > 'OBJECT' sub-menu 動作オブジェクト total: 2
[S]ReportLog >> test.Test_NavData_JPN > Menu Index: 10
[S]ReportLog >> test.Test_NavData_JPN > Add sub closed menu: 動作オブジェクト
[S]ReportLog >> test.Test_NavData_JPN > 'OBJECT' Change sub closed menu >> Action Objects
[S]ReportLog >> test.Test_NavData_JPN > Menu Index: 11
[S]ReportLog >> test.Test_NavData_JPN > Add sub closed menu: アプリケーション ルールの動作
[S]ReportLog >> test.Test_NavData_JPN > 'OBJECT' Change sub closed menu >> App Rule Actions
[S]ReportLog >> test.Test_NavData_JPN > Menu Index: 12
[S]ReportLog >> test.Test_NavData_JPN > Add sub closed menu: コンテンツ フィルタの動作
[S]ReportLog >> test.Test_NavData_JPN > 'OBJECT' Change sub closed menu >> Content Filter Actions
[S]ReportLog >> test.Test_NavData_JPN > >>>>>>>>>>>>>>>>>>>
[S]ReportLog >> test.Test_NavData_JPN > プロファイル オブジェクト is clicked!
[S]ReportLog >> test.Test_NavData_JPN > 'OBJECT' sub-menu プロファイル オブジェクト total: 6
[S]ReportLog >> test.Test_NavData_JPN > Menu Index: 9
[S]ReportLog >> test.Test_NavData_JPN > Add sub closed menu: プロファイル オブジェクト
[S]ReportLog >> test.Test_NavData_JPN > 'OBJECT' Change sub closed menu >> Profile Objects
[S]ReportLog >> test.Test_NavData_JPN > Menu Index: 10
[S]ReportLog >> test.Test_NavData_JPN > Add sub closed menu: エンドポイント セキュリティ
[S]ReportLog >> test.Test_NavData_JPN > 'OBJECT' Change sub closed menu >> Endpoint Security
[S]ReportLog >> test.Test_NavData_JPN > Menu Index: 11
[S]ReportLog >> test.Test_NavData_JPN > Add sub closed menu: 帯域幅
[S]ReportLog >> test.Test_NavData_JPN > 'OBJECT' Change sub closed menu >> Bandwidth
[S]ReportLog >> test.Test_NavData_JPN > Menu Index: 12
[S]ReportLog >> test.Test_NavData_JPN > Add sub closed menu: QoS 級割
[S]ReportLog >> test.Test_NavData_JPN > 'OBJECT' Change sub closed menu >> QoS Marking
[S]ReportLog >> test.Test_NavData_JPN > Menu Index: 13
[S]ReportLog >> test.Test_NavData_JPN > Add sub closed menu: コンテンツ フィルタ
[S]ReportLog >> test.Test_NavData_JPN > 'OBJECT' Change sub closed menu >> Content Filter
[S]ReportLog >> test.Test_NavData_JPN > Menu Index: 14
[S]ReportLog >> test.Test_NavData_JPN > Add sub closed menu: DHCP オプション
[S]ReportLog >> test.Test_NavData_JPN > 'OBJECT' Change sub closed menu >> DHCP Option
[S]ReportLog >> test.Test_NavData_JPN > Menu Index: 15
[S]ReportLog >> test.Test_NavData_JPN > Add sub closed menu: AWS
[S]ReportLog >> test.Test_NavData_JPN > 'OBJECT' Change sub closed menu >> AWS
[S]ReportLog >> test.Test_NavData_JPN > +++++++++++++++++++++++++++++++++++++++++++++++++
[S]ReportLog >> test.Test_NavData_JPN > Add top opened menu: 一致オブジェクト
[S]ReportLog >> test.Test_NavData_JPN > 'OBJECT' Change sub closed menu >> Match Objects
[S]ReportLog >> test.Test_NavData_JPN > Add top opened menu: ゾーン
[S]ReportLog >> test.Test_NavData_JPN > 'OBJECT' Change sub closed menu >> Zones
[S]ReportLog >> test.Test_NavData_JPN > Add top opened menu: アドレス
[S]ReportLog >> test.Test_NavData_JPN > 'OBJECT' Change sub closed menu >> Addresses
[S]ReportLog >> test.Test_NavData_JPN > Add top opened menu: サービス
[S]ReportLog >> test.Test_NavData_JPN > 'OBJECT' Change sub closed menu >> Services
[S]ReportLog >> test.Test_NavData_JPN > Add top opened menu: URI リスト
[S]ReportLog >> test.Test_NavData_JPN > 'OBJECT' Change sub closed menu >> URI Lists
[S]ReportLog >> test.Test_NavData_JPN > Add top opened menu: 一致オブジェクト
[S]ReportLog >> test.Test_NavData_JPN > 'OBJECT' Change sub closed menu >> Match Objects
[S]ReportLog >> test.Test_NavData_JPN > Add top opened menu: スケジュール
[S]ReportLog >> test.Test_NavData_JPN > 'OBJECT' Change sub closed menu >> Schedules
[S]ReportLog >> test.Test_NavData_JPN > Add top opened menu: 動的グループ
[S]ReportLog >> test.Test_NavData_JPN > 'OBJECT' Change sub closed menu >> Dynamic Group
[S]ReportLog >> test.Test_NavData_JPN > Add top opened menu: 電子メール アドレス
[S]ReportLog >> test.Test_NavData_JPN > 'OBJECT' Change sub closed menu >> Email Addresses
[S]ReportLog >> test.Test_NavData_JPN > @@@@@@@@@@@@@@@@@@@@@@@@@@@@@@@@@@@@@@@@@@@@@@@@@
[S]ReportLog >> test.Test_NavData_JPN > MENU: Action Objects
[S]ReportLog >> test.Test_NavData_JPN > MENU: App Rule Actions
[S]ReportLog >> test.Test_NavData_JPN > MENU: Content Filter Actions
[S]ReportLog >> test.Test_NavData_JPN > MENU: Profile Objects
[S]ReportLog >> test.Test_NavData_JPN > MENU: Endpoint Security
[S]ReportLog >> test.Test_NavData_JPN > MENU: Bandwidth
[S]ReportLog >> test.Test_NavData_JPN > MENU: QoS Marking
[S]ReportLog >> test.Test_NavData_JPN > MENU: Content Filter
[S]ReportLog >> test.Test_NavData_JPN > MENU: DHCP Option
[S]ReportLog >> test.Test_NavData_JPN > MENU: AWS
[S]ReportLog >> test.Test_NavData_JPN > MENU: Match Objects
[S]ReportLog >> test.Test_NavData_JPN > MENU: Zones
[S]ReportLog >> test.Test_NavData_JPN > MENU: Addresses
[S]ReportLog >> test.Test_NavData_JPN > MENU: Services
[S]ReportLog >> test.Test_NavData_JPN > MENU: URI Lists
[S]ReportLog >> test.Test_NavData_JPN > MENU: Match Objects
[S]ReportLog >> test.Test_NavData_JPN > MENU: Schedules
[S]ReportLog >> test.Test_NavData_JPN > MENU: Dynamic Group
[S]ReportLog >> test.Test_NavData_JPN > MENU: Email Addresses
[S]ReportLog >> test.Test_NavData_JPN > ALL MENU: 19
[S]ReportLog >> test_Step02_MenuTop_JPN > Data updated!
[S]ReportLog >> test_Step02_MenuTop_JPN > Top menu 'OBJECT' is done!
[S]ReportLog >> test.Test_NavData_JPN > 'POLICY' has sub closed menu (6). Please wait...
[S]ReportLog >> test.Test_NavData_JPN > DPI-SSL
[S]ReportLog >> test.Test_NavData_JPN > DPI-SSH
[S]ReportLog >> test.Test_NavData_JPN > セキュリティ サービス
[S]ReportLog >> test.Test_NavData_JPN > アンチスパム
[S]ReportLog >> test.Test_NavData_JPN > キャプチャ ATP
[S]ReportLog >> test.Test_NavData_JPN > エンドポイント セキュリティ
[S]ReportLog >> test.Test_NavData_JPN > *************************************************
[S]ReportLog >> test.Test_NavData_JPN > >>>>>>>>>>>>>>>>>>>
[S]ReportLog >> test.Test_NavData_JPN > エンドポイント セキュリティ is clicked!
[S]ReportLog >> test.Test_NavData_JPN > 'POLICY' sub-menu エンドポイント セキュリティ total: 0
[S]ReportLog >> test.Test_NavData_JPN > Menu Index: 12
[S]ReportLog >> test.Test_NavData_JPN > Add sub closed menu: エンドポイント セキュリティ
[S]ReportLog >> test.Test_NavData_JPN > 'POLICY' Change sub closed menu >> Endpoint Security
[S]ReportLog >> test.Test_NavData_JPN > >>>>>>>>>>>>>>>>>>>
[S]ReportLog >> test.Test_NavData_JPN > キャプチャ ATP is clicked!
[S]ReportLog >> test.Test_NavData_JPN > 'POLICY' sub-menu キャプチャ ATP total: 2
[S]ReportLog >> test.Test_NavData_JPN > Menu Index: 11
[S]ReportLog >> test.Test_NavData_JPN > Add sub closed menu: キャプチャ ATP
[S]ReportLog >> test.Test_NavData_JPN > 'POLICY' Change sub closed menu >> Capture ATP
[S]ReportLog >> test.Test_NavData_JPN > Menu Index: 12
[S]ReportLog >> test.Test_NavData_JPN > Add sub closed menu: 設定
[S]ReportLog >> test.Test_NavData_JPN > 'POLICY' Change sub closed menu >> Settings
[S]ReportLog >> test.Test_NavData_JPN > Menu Index: 13
[S]ReportLog >> test.Test_NavData_JPN > Add sub closed menu: スキャン履歴
[S]ReportLog >> test.Test_NavData_JPN > 'POLICY' Change sub closed menu >> Scanning History
[S]ReportLog >> test.Test_NavData_JPN > >>>>>>>>>>>>>>>>>>>
[S]ReportLog >> test.Test_NavData_JPN > アンチスパム is clicked!
[S]ReportLog >> test.Test_NavData_JPN > 'POLICY' sub-menu アンチスパム total: 2
[S]ReportLog >> test.Test_NavData_JPN > Menu Index: 10
[S]ReportLog >> test.Test_NavData_JPN > Add sub closed menu: アンチスパム
[S]ReportLog >> test.Test_NavData_JPN > 'POLICY' Change sub closed menu >> Anti-Spam
[S]ReportLog >> test.Test_NavData_JPN > Menu Index: 11
[S]ReportLog >> test.Test_NavData_JPN > Add sub closed menu: 状況
[S]ReportLog >> test.Test_NavData_JPN > 'POLICY' Change sub closed menu >> Status
[S]ReportLog >> test.Test_NavData_JPN > Menu Index: 12
[S]ReportLog >> test.Test_NavData_JPN > Add sub closed menu: 設定
[S]ReportLog >> test.Test_NavData_JPN > 'POLICY' Change sub closed menu >> Settings
[S]ReportLog >> test.Test_NavData_JPN > >>>>>>>>>>>>>>>>>>>
[S]ReportLog >> test.Test_NavData_JPN > セキュリティ サービス is clicked!
[S]ReportLog >> test.Test_NavData_JPN > 'POLICY' sub-menu セキュリティ サービス total: 8
[S]ReportLog >> test.Test_NavData_JPN > Menu Index: 9
[S]ReportLog >> test.Test_NavData_JPN > Add sub closed menu: セキュリティ サービス
[S]ReportLog >> test.Test_NavData_JPN > 'POLICY' Change sub closed menu >> Security Services
[S]ReportLog >> test.Test_NavData_JPN > Menu Index: 10
[S]ReportLog >> test.Test_NavData_JPN > Add sub closed menu: サマリ
[S]ReportLog >> test.Test_NavData_JPN > 'POLICY' Change sub closed menu >> Summary
[S]ReportLog >> test.Test_NavData_JPN > Menu Index: 11
[S]ReportLog >> test.Test_NavData_JPN > Add sub closed menu: ゲートウェイ アンチウイルス
[S]ReportLog >> test.Test_NavData_JPN > 'POLICY' Change sub closed menu >> Gateway Anti-Virus
[S]ReportLog >> test.Test_NavData_JPN > Menu Index: 12
[S]ReportLog >> test.Test_NavData_JPN > Add sub closed menu: アンチスパイウェア
[S]ReportLog >> test.Test_NavData_JPN > 'POLICY' Change sub closed menu >> Anti-Spyware
[S]ReportLog >> test.Test_NavData_JPN > Menu Index: 13
[S]ReportLog >> test.Test_NavData_JPN > Add sub closed menu: 侵入防御
[S]ReportLog >> test.Test_NavData_JPN > 'POLICY' Change sub closed menu >> Intrusion Prevention
[S]ReportLog >> test.Test_NavData_JPN > Menu Index: 14
[S]ReportLog >> test.Test_NavData_JPN > Add sub closed menu: 地域 IP フィルタ
[S]ReportLog >> test.Test_NavData_JPN > 'POLICY' Change sub closed menu >> Geo-IP Filter
[S]ReportLog >> test.Test_NavData_JPN > Menu Index: 15
[S]ReportLog >> test.Test_NavData_JPN > Add sub closed menu: ボットネット フィルタ
[S]ReportLog >> test.Test_NavData_JPN > 'POLICY' Change sub closed menu >> Botnet Filter
[S]ReportLog >> test.Test_NavData_JPN > Menu Index: 16
[S]ReportLog >> test.Test_NavData_JPN > Add sub closed menu: アプリケーション制御
[S]ReportLog >> test.Test_NavData_JPN > 'POLICY' Change sub closed menu >> App Control
[S]ReportLog >> test.Test_NavData_JPN > Menu Index: 17
[S]ReportLog >> test.Test_NavData_JPN > Add sub closed menu: コンテンツ フィルタ
[S]ReportLog >> test.Test_NavData_JPN > 'POLICY' Change sub closed menu >> Content Filter
[S]ReportLog >> test.Test_NavData_JPN > >>>>>>>>>>>>>>>>>>>
[S]ReportLog >> test.Test_NavData_JPN > DPI-SSH is clicked!
[S]ReportLog >> test.Test_NavData_JPN > 'POLICY' sub-menu DPI-SSH total: 1
[S]ReportLog >> test.Test_NavData_JPN > Menu Index: 8
[S]ReportLog >> test.Test_NavData_JPN > Add sub closed menu: DPI-SSH
[S]ReportLog >> test.Test_NavData_JPN > 'POLICY' Change sub closed menu >> DPI-SSH
[S]ReportLog >> test.Test_NavData_JPN > Menu Index: 9
[S]ReportLog >> test.Test_NavData_JPN > Add sub closed menu: 設定
[S]ReportLog >> test.Test_NavData_JPN > 'POLICY' Change sub closed menu >> Settings
[S]ReportLog >> test.Test_NavData_JPN > >>>>>>>>>>>>>>>>>>>
[S]ReportLog >> test.Test_NavData_JPN > DPI-SSL is clicked!
[S]ReportLog >> test.Test_NavData_JPN > 'POLICY' sub-menu DPI-SSL total: 2
[S]ReportLog >> test.Test_NavData_JPN > Menu Index: 7
[S]ReportLog >> test.Test_NavData_JPN > Add sub closed menu: DPI-SSL
[S]ReportLog >> test.Test_NavData_JPN > 'POLICY' Change sub closed menu >> DPI-SSL
[S]ReportLog >> test.Test_NavData_JPN > Menu Index: 8
[S]ReportLog >> test.Test_NavData_JPN > Add sub closed menu: クライアント SSL
[S]ReportLog >> test.Test_NavData_JPN > 'POLICY' Change sub closed menu >> Client SSL
[S]ReportLog >> test.Test_NavData_JPN > Menu Index: 9
[S]ReportLog >> test.Test_NavData_JPN > Add sub closed menu: サーバ SSL
[S]ReportLog >> test.Test_NavData_JPN > 'POLICY' Change sub closed menu >> Server SSL
[S]ReportLog >> test.Test_NavData_JPN > +++++++++++++++++++++++++++++++++++++++++++++++++
[S]ReportLog >> test.Test_NavData_JPN > Add top opened menu: ルールとポリシー
[S]ReportLog >> test.Test_NavData_JPN > 'POLICY' Change sub closed menu >> Rules and Policies
[S]ReportLog >> test.Test_NavData_JPN > Add top opened menu: アクセス ルール
[S]ReportLog >> test.Test_NavData_JPN > 'POLICY' Change sub closed menu >> Access Rules
[S]ReportLog >> test.Test_NavData_JPN > Add top opened menu: NAT ルール
[S]ReportLog >> test.Test_NavData_JPN > 'POLICY' Change sub closed menu >> NAT Rules
[S]ReportLog >> test.Test_NavData_JPN > Add top opened menu: ルーティング ルール
[S]ReportLog >> test.Test_NavData_JPN > 'POLICY' Change sub closed menu >> Routing Rules
[S]ReportLog >> test.Test_NavData_JPN > Add top opened menu: コンテンツ フィルタ ルール
[S]ReportLog >> test.Test_NavData_JPN > 'POLICY' Change sub closed menu >> Content Filter Rules
[S]ReportLog >> test.Test_NavData_JPN > Add top opened menu: アプリケーション ルール
[S]ReportLog >> test.Test_NavData_JPN > 'POLICY' Change sub closed menu >> App Rules
[S]ReportLog >> test.Test_NavData_JPN > Add top opened menu: エンドポイント ルール
[S]ReportLog >> test.Test_NavData_JPN > 'POLICY' Change sub closed menu >> Endpoint Rules
[S]ReportLog >> test.Test_NavData_JPN > @@@@@@@@@@@@@@@@@@@@@@@@@@@@@@@@@@@@@@@@@@@@@@@@@
[S]ReportLog >> test.Test_NavData_JPN > MENU: Endpoint Security
[S]ReportLog >> test.Test_NavData_JPN > MENU: Capture ATP
[S]ReportLog >> test.Test_NavData_JPN > MENU: Settings
[S]ReportLog >> test.Test_NavData_JPN > MENU: Scanning History
[S]ReportLog >> test.Test_NavData_JPN > MENU: Anti-Spam
[S]ReportLog >> test.Test_NavData_JPN > MENU: Status
[S]ReportLog >> test.Test_NavData_JPN > MENU: Settings
[S]ReportLog >> test.Test_NavData_JPN > MENU: Security Services
[S]ReportLog >> test.Test_NavData_JPN > MENU: Summary
[S]ReportLog >> test.Test_NavData_JPN > MENU: Gateway Anti-Virus
[S]ReportLog >> test.Test_NavData_JPN > MENU: Anti-Spyware
[S]ReportLog >> test.Test_NavData_JPN > MENU: Intrusion Prevention
[S]ReportLog >> test.Test_NavData_JPN > MENU: Geo-IP Filter
[S]ReportLog >> test.Test_NavData_JPN > MENU: Botnet Filter
[S]ReportLog >> test.Test_NavData_JPN > MENU: App Control
[S]ReportLog >> test.Test_NavData_JPN > MENU: Content Filter
[S]ReportLog >> test.Test_NavData_JPN > MENU: DPI-SSH
[S]ReportLog >> test.Test_NavData_JPN > MENU: Settings
[S]ReportLog >> test.Test_NavData_JPN > MENU: DPI-SSL
[S]ReportLog >> test.Test_NavData_JPN > MENU: Client SSL
[S]ReportLog >> test.Test_NavData_JPN > MENU: Server SSL
[S]ReportLog >> test.Test_NavData_JPN > MENU: Rules and Policies
[S]ReportLog >> test.Test_NavData_JPN > MENU: Access Rules
[S]ReportLog >> test.Test_NavData_JPN > MENU: NAT Rules
[S]ReportLog >> test.Test_NavData_JPN > MENU: Routing Rules
[S]ReportLog >> test.Test_NavData_JPN > MENU: Content Filter Rules
[S]ReportLog >> test.Test_NavData_JPN > MENU: App Rules
[S]ReportLog >> test.Test_NavData_JPN > MENU: Endpoint Rules
[S]ReportLog >> test.Test_NavData_JPN > ALL MENU: 28
[S]ReportLog >> test_Step02_MenuTop_JPN > Data updated!
[S]ReportLog >> test_Step02_MenuTop_JPN > Top menu 'POLICY' is done!]]>
  </system-out>
</testsuite> <!-- test.Test_NavData_JPN -->
