<?xml version="1.0" encoding="UTF-8"?>
<!-- Generated by org.testng.reporters.JUnitReportReporter -->
<testsuite hostname="cl4n4y1-khuang" failures="0" tests="7" name="test.Test_NavData_JPN" time="67.812" errors="0" timestamp="2021-09-17T15:07:38 CST" skipped="0">
  <testcase classname="test.Test_NavData_JPN" name="test_Step01_Login_JPN" time="1.414"/>
  <system-out>
    <![CDATA[[S]ReportLog >> test_Step01_Login_JPN > Login to main page...]]>
  </system-out>
  <testcase classname="test.Test_NavData_JPN" name="test_Step06_ObjectMenu_Top_JPN" time="4.307"/>
  <system-out>
    <![CDATA[[S]ReportLog >> test_Step06_ObjectMenu_Top_JPN > Data updated!
[S]ReportLog >> test_Step06_ObjectMenu_Top_JPN > Top menu 'OBJECT' is done!]]>
  </system-out>
  <testcase classname="test.Test_NavData_JPN" name="test_Step04_DeviceMenu_Top_JPN" time="13.707"/>
  <system-out>
    <![CDATA[[S]ReportLog >> test_Step04_DeviceMenu_Top_JPN > Data updated!
[S]ReportLog >> test_Step04_DeviceMenu_Top_JPN > Top menu 'DEVICE' is done!]]>
  </system-out>
  <testcase classname="test.Test_NavData_JPN" name="test_Step03_MonitorMenu_Top_JPN" time="10.270"/>
  <system-out>
    <![CDATA[[S]ReportLog >> test_Step03_MonitorMenu_Top_JPN > Data updated!
[S]ReportLog >> test_Step03_MonitorMenu_Top_JPN > Top menu 'MONITOR' is done!]]>
  </system-out>
  <testcase classname="test.Test_NavData_JPN" name="test_Step07_PolicyMenu_Top_JPN" time="9.196"/>
  <system-out>
    <![CDATA[[S]ReportLog >> test_Step07_PolicyMenu_Top_JPN > Data updated!
[S]ReportLog >> test_Step07_PolicyMenu_Top_JPN > Top menu 'POLICY' is done!]]>
  </system-out>
  <testcase classname="test.Test_NavData_JPN" name="test_Step02_HomeMenu_Top_JPN" time="18.278"/>
  <system-out>
    <![CDATA[[S]ReportLog >> test_Step02_HomeMenu_Top_JPN > Got info for [JPN]!
[S]ReportLog >> test_Step02_HomeMenu_Top_JPN > Data created!
[S]ReportLog >> test_Step02_HomeMenu_Top_JPN > Data updated!
[S]ReportLog >> test_Step02_HomeMenu_Top_JPN > Top menu 'HOME' is done!]]>
  </system-out>
  <testcase classname="test.Test_NavData_JPN" name="test_Step05_NetworkMenu_Top_JPN" time="10.640"/>
  <system-out>
    <![CDATA[[S]ReportLog >> test_Step05_NetworkMenu_Top_JPN > Data updated!
[S]ReportLog >> test_Step05_NetworkMenu_Top_JPN > Top menu 'NETWORK' is done!]]>
  </system-out>
</testsuite> <!-- test.Test_NavData_JPN -->
